[INFO] Scanning for projects...
[INFO] 
[INFO] ------------------------< org.spdx:tools-java >-------------------------
[INFO] Building tools-java 1.1.0
[INFO] --------------------------------[ jar ]---------------------------------
[INFO] 
[INFO] --- maven-clean-plugin:2.5:clean (default-clean) @ tools-java ---
[INFO] Deleting C:\Users\gary\git\tools-java\target
[INFO] 
[INFO] --- maven-resources-plugin:2.6:resources (default-resources) @ tools-java ---
[INFO] Using 'UTF-8' encoding to copy filtered resources.
[INFO] Copying 2 resources to resources
[INFO] Copying 1 resource to META-INF
[INFO] Copying 1 resource
[INFO] 
[INFO] --- maven-compiler-plugin:3.6.1:compile (default-compile) @ tools-java ---
[INFO] Changes detected - recompiling the module!
[INFO] Compiling 49 source files to C:\Users\gary\git\tools-java\target\classes
[WARNING] bootstrap class path not set in conjunction with -source 8
[INFO] 
[INFO] --- maven-resources-plugin:2.6:testResources (default-testResources) @ tools-java ---
[INFO] Using 'UTF-8' encoding to copy filtered resources.
[INFO] Copying 0 resource
[INFO] skip non existing resourceDirectory C:\Users\gary\git\tools-java\TestFiles
[INFO] 
[INFO] --- maven-compiler-plugin:3.6.1:testCompile (default-testCompile) @ tools-java ---
[INFO] Changes detected - recompiling the module!
[INFO] Compiling 5 source files to C:\Users\gary\git\tools-java\target\test-classes
[WARNING] bootstrap class path not set in conjunction with -source 8
[INFO] 
[INFO] --- maven-surefire-plugin:2.12.4:test (default-test) @ tools-java ---
[INFO] Surefire report directory: C:\Users\gary\git\tools-java\target\surefire-reports

-------------------------------------------------------
 T E S T S
-------------------------------------------------------
Running org.spdx.tools.CompareSpdxDocsTest
Tests run: 3, Failures: 0, Errors: 0, Skipped: 0, Time elapsed: 10.313 sec
Running org.spdx.tools.GenerateVerificationCodeTest
Tests run: 1, Failures: 0, Errors: 0, Skipped: 0, Time elapsed: 0.032 sec
Running org.spdx.tools.schema.OwlToXSDTest
Tests run: 1, Failures: 0, Errors: 0, Skipped: 0, Time elapsed: 0.192 sec
Running org.spdx.tools.SpdxConverterTest
Tests run: 11, Failures: 0, Errors: 0, Skipped: 0, Time elapsed: 3.902 sec
Running org.spdx.tools.VerifyTest
Tests run: 6, Failures: 0, Errors: 0, Skipped: 0, Time elapsed: 0.794 sec

Results :

Tests run: 22, Failures: 0, Errors: 0, Skipped: 0

[INFO] 
[INFO] >>> spdx-maven-plugin:0.6.0:createSPDX (build-spdx) > verify @ tools-java >>>
[INFO] 
[INFO] --- maven-resources-plugin:2.6:resources (default-resources) @ tools-java ---
[INFO] Using 'UTF-8' encoding to copy filtered resources.
[INFO] Copying 2 resources to resources
[INFO] Copying 1 resource to META-INF
[INFO] Copying 1 resource
[INFO] 
[INFO] --- maven-compiler-plugin:3.6.1:compile (default-compile) @ tools-java ---
[INFO] Changes detected - recompiling the module!
[INFO] Compiling 49 source files to C:\Users\gary\git\tools-java\target\classes
[WARNING] bootstrap class path not set in conjunction with -source 8
[INFO] 
[INFO] --- maven-resources-plugin:2.6:testResources (default-testResources) @ tools-java ---
[INFO] Using 'UTF-8' encoding to copy filtered resources.
[INFO] Copying 0 resource
[INFO] skip non existing resourceDirectory C:\Users\gary\git\tools-java\TestFiles
[INFO] 
[INFO] --- maven-compiler-plugin:3.6.1:testCompile (default-testCompile) @ tools-java ---
[INFO] Nothing to compile - all classes are up to date
[INFO] 
[INFO] --- maven-surefire-plugin:2.12.4:test (default-test) @ tools-java ---
[INFO] Skipping execution of surefire because it has already been run for this configuration
[INFO] 
[INFO] --- maven-jar-plugin:2.4:jar (default-jar) @ tools-java ---
[INFO] Building jar: C:\Users\gary\git\tools-java\target\tools-java-1.1.0.jar
[INFO] 
[INFO] --- maven-assembly-plugin:2.2-beta-5:single (make-assembly) @ tools-java ---
[INFO] META-INF/maven/org.spdx/java-spdx-library/pom.xml already added, skipping
[INFO] META-INF/maven/org.spdx/java-spdx-library/pom.properties already added, skipping
[INFO] META-INF/MANIFEST.MF already added, skipping
[INFO] META-INF/ already added, skipping
[INFO] org/ already added, skipping
[INFO] META-INF/maven/ already added, skipping
[INFO] META-INF/LICENSE already added, skipping
[INFO] META-INF/ already added, skipping
[INFO] META-INF/MANIFEST.MF already added, skipping
[INFO] org/ already added, skipping
[INFO] org/slf4j/ already added, skipping
[INFO] META-INF/maven/ already added, skipping
[INFO] META-INF/MANIFEST.MF already added, skipping
[INFO] META-INF/ already added, skipping
[INFO] org/ already added, skipping
[INFO] org/apache/ already added, skipping
[INFO] org/apache/logging/ already added, skipping
[INFO] META-INF/maven/ already added, skipping
[INFO] META-INF/maven/org.apache.logging.log4j/ already added, skipping
[INFO] META-INF/NOTICE already added, skipping
[INFO] META-INF/LICENSE already added, skipping
[INFO] META-INF/DEPENDENCIES already added, skipping
[INFO] META-INF/MANIFEST.MF already added, skipping
[INFO] META-INF/ already added, skipping
[INFO] org/ already added, skipping
[INFO] org/apache/ already added, skipping
[INFO] org/apache/logging/ already added, skipping
[INFO] org/apache/logging/log4j/ already added, skipping
[INFO] META-INF/versions/ already added, skipping
[INFO] META-INF/versions/9/ already added, skipping
[INFO] META-INF/versions/9/org/ already added, skipping
[INFO] META-INF/versions/9/org/apache/ already added, skipping
[INFO] META-INF/versions/9/org/apache/logging/ already added, skipping
[INFO] META-INF/versions/9/org/apache/logging/log4j/ already added, skipping
[INFO] META-INF/services/ already added, skipping
[INFO] META-INF/maven/ already added, skipping
[INFO] META-INF/maven/org.apache.logging.log4j/ already added, skipping
[INFO] META-INF/LICENSE already added, skipping
[INFO] META-INF/DEPENDENCIES already added, skipping
[INFO] META-INF/NOTICE already added, skipping
[INFO] META-INF/MANIFEST.MF already added, skipping
[INFO] META-INF/ already added, skipping
[INFO] org/ already added, skipping
[INFO] org/apache/ already added, skipping
[INFO] META-INF/maven/ already added, skipping
[INFO] META-INF/MANIFEST.MF already added, skipping
[INFO] META-INF/ already added, skipping
[INFO] org/ already added, skipping
[INFO] META-INF/maven/ already added, skipping
[INFO] META-INF/LICENSE already added, skipping
[INFO] META-INF/MANIFEST.MF already added, skipping
[INFO] META-INF/ already added, skipping
[INFO] META-INF/maven/ already added, skipping
[INFO] META-INF/ already added, skipping
[INFO] META-INF/MANIFEST.MF already added, skipping
[INFO] META-INF/maven/ already added, skipping
[INFO] META-INF/ already added, skipping
[INFO] META-INF/MANIFEST.MF already added, skipping
[INFO] META-INF/maven/ already added, skipping
[INFO] META-INF/maven/org.spdx/ already added, skipping
[INFO] org/ already added, skipping
[INFO] org/spdx/ already added, skipping
[INFO] resources/ already added, skipping
[INFO] META-INF/LICENSE already added, skipping
[INFO] META-INF/maven/org.spdx/spdx-rdf-store/pom.xml already added, skipping
[INFO] META-INF/maven/org.spdx/spdx-rdf-store/pom.properties already added, skipping
[INFO] META-INF/MANIFEST.MF already added, skipping
[INFO] META-INF/ already added, skipping
[INFO] META-INF/services/ already added, skipping
[INFO] org/ already added, skipping
[INFO] org/apache/ already added, skipping
[INFO] META-INF/maven/ already added, skipping
[INFO] META-INF/DEPENDENCIES already added, skipping
[INFO] META-INF/LICENSE already added, skipping
[INFO] META-INF/NOTICE already added, skipping
[INFO] META-INF/MANIFEST.MF already added, skipping
[INFO] META-INF/ already added, skipping
[INFO] org/ already added, skipping
[INFO] org/apache/ already added, skipping
[INFO] org/apache/jena/ already added, skipping
[INFO] META-INF/maven/ already added, skipping
[INFO] META-INF/maven/org.apache.jena/ already added, skipping
[INFO] META-INF/DEPENDENCIES already added, skipping
[INFO] META-INF/LICENSE already added, skipping
[INFO] META-INF/NOTICE already added, skipping
[INFO] META-INF/MANIFEST.MF already added, skipping
[INFO] META-INF/ already added, skipping
[INFO] META-INF/DEPENDENCIES already added, skipping
[INFO] META-INF/LICENSE already added, skipping
[INFO] META-INF/NOTICE already added, skipping
[INFO] META-INF/maven/ already added, skipping
[INFO] META-INF/maven/org.apache.jena/ already added, skipping
[INFO] org/ already added, skipping
[INFO] org/apache/ already added, skipping
[INFO] org/apache/jena/ already added, skipping
[INFO] org/apache/jena/ext/ already added, skipping
[INFO] META-INF/MANIFEST.MF already added, skipping
[INFO] META-INF/ already added, skipping
[INFO] org/ already added, skipping
[INFO] org/apache/ already added, skipping
[INFO] org/apache/commons/ already added, skipping
[INFO] META-INF/maven/ already added, skipping
[INFO] META-INF/maven/org.apache.commons/ already added, skipping
[INFO] META-INF/LICENSE.txt already added, skipping
[INFO] META-INF/NOTICE.txt already added, skipping
[INFO] META-INF/MANIFEST.MF already added, skipping
[INFO] META-INF/ already added, skipping
[INFO] org/ already added, skipping
[INFO] org/apache/ already added, skipping
[INFO] org/apache/commons/ already added, skipping
[INFO] META-INF/maven/ already added, skipping
[INFO] META-INF/LICENSE.txt already added, skipping
[INFO] META-INF/NOTICE.txt already added, skipping
[INFO] META-INF/MANIFEST.MF already added, skipping
[INFO] META-INF/ already added, skipping
[INFO] org/ already added, skipping
[INFO] org/apache/ already added, skipping
[INFO] org/apache/commons/ already added, skipping
[INFO] META-INF/maven/ already added, skipping
[INFO] META-INF/LICENSE.txt already added, skipping
[INFO] META-INF/NOTICE.txt already added, skipping
[INFO] META-INF/MANIFEST.MF already added, skipping
[INFO] META-INF/ already added, skipping
[INFO] org/ already added, skipping
[INFO] org/apache/ already added, skipping
[INFO] org/apache/commons/ already added, skipping
[INFO] META-INF/maven/ already added, skipping
[INFO] META-INF/maven/org.apache.commons/ already added, skipping
[INFO] META-INF/LICENSE.txt already added, skipping
[INFO] META-INF/NOTICE.txt already added, skipping
[INFO] META-INF/ already added, skipping
[INFO] META-INF/MANIFEST.MF already added, skipping
[INFO] com/ already added, skipping
[INFO] META-INF/MANIFEST.MF already added, skipping
[INFO] META-INF/ already added, skipping
[INFO] org/ already added, skipping
[INFO] org/apache/ already added, skipping
[INFO] org/apache/jena/ already added, skipping
[INFO] META-INF/maven/ already added, skipping
[INFO] META-INF/maven/org.apache.jena/ already added, skipping
[INFO] META-INF/DEPENDENCIES already added, skipping
[INFO] META-INF/LICENSE already added, skipping
[INFO] META-INF/NOTICE already added, skipping
[INFO] META-INF/MANIFEST.MF already added, skipping
[INFO] META-INF/ already added, skipping
[INFO] org/ already added, skipping
[INFO] org/apache/ already added, skipping
[INFO] org/apache/commons/ already added, skipping
[INFO] META-INF/maven/ already added, skipping
[INFO] META-INF/LICENSE.txt already added, skipping
[INFO] META-INF/NOTICE.txt already added, skipping
[INFO] META-INF/MANIFEST.MF already added, skipping
[INFO] META-INF/ already added, skipping
[INFO] META-INF/services/ already added, skipping
[INFO] org/ already added, skipping
[INFO] org/apache/ already added, skipping
[INFO] org/apache/jena/ already added, skipping
[INFO] org/apache/jena/atlas/ already added, skipping
[INFO] META-INF/maven/ already added, skipping
[INFO] META-INF/maven/org.apache.jena/ already added, skipping
[INFO] META-INF/DEPENDENCIES already added, skipping
[INFO] META-INF/LICENSE already added, skipping
[INFO] META-INF/NOTICE already added, skipping
[INFO] META-INF/services/org.apache.jena.sys.JenaSubsystemLifecycle already added, skipping
[INFO] META-INF/MANIFEST.MF already added, skipping
[INFO] META-INF/ already added, skipping
[INFO] org/ already added, skipping
[INFO] org/apache/ already added, skipping
[INFO] META-INF/maven/ already added, skipping
[INFO] META-INF/NOTICE already added, skipping
[INFO] META-INF/DEPENDENCIES already added, skipping
[INFO] META-INF/LICENSE already added, skipping
[INFO] META-INF/MANIFEST.MF already added, skipping
[INFO] META-INF/ already added, skipping
[INFO] org/ already added, skipping
[INFO] org/apache/ already added, skipping
[INFO] org/apache/http/ already added, skipping
[INFO] org/apache/http/impl/ already added, skipping
[INFO] META-INF/maven/ already added, skipping
[INFO] META-INF/maven/org.apache.httpcomponents/ already added, skipping
[INFO] META-INF/LICENSE already added, skipping
[INFO] META-INF/DEPENDENCIES already added, skipping
[INFO] META-INF/NOTICE already added, skipping
[INFO] META-INF/ already added, skipping
[INFO] META-INF/MANIFEST.MF already added, skipping
[INFO] META-INF/maven/ already added, skipping
[INFO] com/ already added, skipping
[INFO] com/github/ already added, skipping
[INFO] META-INF/ already added, skipping
[INFO] META-INF/MANIFEST.MF already added, skipping
[INFO] META-INF/services/ already added, skipping
[INFO] org/ already added, skipping
[INFO] org/apache/ already added, skipping
[INFO] org/apache/commons/ already added, skipping
[INFO] META-INF/maven/ already added, skipping
[INFO] META-INF/maven/org.slf4j/ already added, skipping
[INFO] META-INF/MANIFEST.MF already added, skipping
[INFO] META-INF/ already added, skipping
[INFO] com/ already added, skipping
[INFO] META-INF/maven/ already added, skipping
[INFO] META-INF/ already added, skipping
[INFO] META-INF/MANIFEST.MF already added, skipping
[INFO] META-INF/maven/ already added, skipping
[INFO] module-info.class already added, skipping
[INFO] org/ already added, skipping
[INFO] META-INF/ already added, skipping
[INFO] META-INF/MANIFEST.MF already added, skipping
[INFO] META-INF/LICENSE already added, skipping
[INFO] META-INF/NOTICE already added, skipping
[INFO] META-INF/maven/ already added, skipping
[INFO] META-INF/services/ already added, skipping
[INFO] com/ already added, skipping
[INFO] module-info.class already added, skipping
[INFO] META-INF/ already added, skipping
[INFO] META-INF/MANIFEST.MF already added, skipping
[INFO] META-INF/LICENSE already added, skipping
[INFO] META-INF/NOTICE already added, skipping
[INFO] META-INF/maven/ already added, skipping
[INFO] META-INF/maven/com.fasterxml.jackson.core/ already added, skipping
[INFO] META-INF/services/ already added, skipping
[INFO] com/ already added, skipping
[INFO] com/fasterxml/ already added, skipping
[INFO] com/fasterxml/jackson/ already added, skipping
[INFO] module-info.class already added, skipping
[INFO] META-INF/ already added, skipping
[INFO] META-INF/MANIFEST.MF already added, skipping
[INFO] META-INF/LICENSE already added, skipping
[INFO] META-INF/maven/ already added, skipping
[INFO] META-INF/maven/com.fasterxml.jackson.core/ already added, skipping
[INFO] com/ already added, skipping
[INFO] com/fasterxml/ already added, skipping
[INFO] com/fasterxml/jackson/ already added, skipping
[INFO] module-info.class already added, skipping
[INFO] META-INF/MANIFEST.MF already added, skipping
[INFO] META-INF/ already added, skipping
[INFO] org/ already added, skipping
[INFO] org/apache/ already added, skipping
[INFO] org/apache/http/ already added, skipping
[INFO] org/apache/http/client/ already added, skipping
[INFO] org/apache/http/impl/ already added, skipping
[INFO] org/apache/http/impl/client/ already added, skipping
[INFO] META-INF/maven/ already added, skipping
[INFO] META-INF/maven/org.apache.httpcomponents/ already added, skipping
[INFO] META-INF/DEPENDENCIES already added, skipping
[INFO] META-INF/NOTICE already added, skipping
[INFO] META-INF/LICENSE already added, skipping
[INFO] META-INF/ already added, skipping
[INFO] META-INF/MANIFEST.MF already added, skipping
[INFO] org/ already added, skipping
[INFO] org/apache/ already added, skipping
[INFO] META-INF/LICENSE.txt already added, skipping
[INFO] META-INF/NOTICE.txt already added, skipping
[INFO] META-INF/ already added, skipping
[INFO] META-INF/MANIFEST.MF already added, skipping
[INFO] javax/ already added, skipping
[INFO] javax/annotation/ already added, skipping
[INFO] META-INF/LICENSE.txt already added, skipping
[INFO] META-INF/maven/ already added, skipping
[INFO] META-INF/ already added, skipping
[INFO] META-INF/MANIFEST.MF already added, skipping
[INFO] META-INF/maven/ already added, skipping
[INFO] META-INF/maven/org.spdx/ already added, skipping
[INFO] org/ already added, skipping
[INFO] org/spdx/ already added, skipping
[INFO] resources/ already added, skipping
[INFO] META-INF/LICENSE already added, skipping
[INFO] META-INF/maven/org.spdx/spdx-jackson-store/pom.xml already added, skipping
[INFO] META-INF/maven/org.spdx/spdx-jackson-store/pom.properties already added, skipping
[INFO] META-INF/ already added, skipping
[INFO] META-INF/MANIFEST.MF already added, skipping
[INFO] META-INF/LICENSE already added, skipping
[INFO] META-INF/NOTICE already added, skipping
[INFO] META-INF/maven/ already added, skipping
[INFO] META-INF/services/ already added, skipping
[INFO] META-INF/services/com.fasterxml.jackson.core.JsonFactory already added, skipping
[INFO] META-INF/services/com.fasterxml.jackson.core.ObjectCodec already added, skipping
[INFO] com/ already added, skipping
[INFO] com/fasterxml/ already added, skipping
[INFO] com/fasterxml/jackson/ already added, skipping
[INFO] module-info.class already added, skipping
[INFO] META-INF/ already added, skipping
[INFO] META-INF/MANIFEST.MF already added, skipping
[INFO] META-INF/LICENSE already added, skipping
[INFO] META-INF/NOTICE already added, skipping
[INFO] META-INF/maven/ already added, skipping
[INFO] META-INF/services/ already added, skipping
[INFO] com/ already added, skipping
[INFO] com/fasterxml/ already added, skipping
[INFO] com/fasterxml/jackson/ already added, skipping
[INFO] META-INF/versions/ already added, skipping
[INFO] META-INF/MANIFEST.MF already added, skipping
[INFO] META-INF/ already added, skipping
[INFO] javax/ already added, skipping
[INFO] META-INF/versions/ already added, skipping
[INFO] META-INF/versions/9/ already added, skipping
[INFO] META-INF/maven/ already added, skipping
[INFO] META-INF/LICENSE.md already added, skipping
[INFO] META-INF/NOTICE.md already added, skipping
[INFO] module-info.class already added, skipping
[INFO] META-INF/ already added, skipping
[INFO] META-INF/MANIFEST.MF already added, skipping
[INFO] javax/ already added, skipping
[INFO] META-INF/NOTICE.md already added, skipping
[INFO] META-INF/LICENSE.md already added, skipping
[INFO] META-INF/maven/ already added, skipping
[INFO] META-INF/ already added, skipping
[INFO] META-INF/MANIFEST.MF already added, skipping
[INFO] META-INF/LICENSE already added, skipping
[INFO] META-INF/maven/ already added, skipping
[INFO] org/ already added, skipping
[INFO] module-info.class already added, skipping
[INFO] META-INF/ already added, skipping
[INFO] META-INF/MANIFEST.MF already added, skipping
[INFO] META-INF/LICENSE already added, skipping
[INFO] META-INF/maven/ already added, skipping
[INFO] META-INF/services/ already added, skipping
[INFO] com/ already added, skipping
[INFO] module-info.class already added, skipping
[INFO] META-INF/ already added, skipping
[INFO] META-INF/MANIFEST.MF already added, skipping
[INFO] META-INF/LICENSE already added, skipping
[INFO] META-INF/NOTICE already added, skipping
[INFO] META-INF/maven/ already added, skipping
[INFO] META-INF/maven/com.fasterxml.jackson.dataformat/ already added, skipping
[INFO] META-INF/services/ already added, skipping
[INFO] META-INF/services/com.fasterxml.jackson.core.JsonFactory already added, skipping
[INFO] META-INF/services/com.fasterxml.jackson.core.ObjectCodec already added, skipping
[INFO] com/ already added, skipping
[INFO] com/fasterxml/ already added, skipping
[INFO] com/fasterxml/jackson/ already added, skipping
[INFO] com/fasterxml/jackson/dataformat/ already added, skipping
[INFO] module-info.class already added, skipping
[INFO] META-INF/MANIFEST.MF already added, skipping
[INFO] META-INF/ already added, skipping
[INFO] META-INF/maven/ already added, skipping
[INFO] org/ already added, skipping
[INFO] META-INF/MANIFEST.MF already added, skipping
[INFO] META-INF/ already added, skipping
[INFO] META-INF/maven/ already added, skipping
[INFO] org/ already added, skipping
[INFO] META-INF/MANIFEST.MF already added, skipping
[INFO] META-INF/ already added, skipping
[INFO] META-INF/DEPENDENCIES already added, skipping
[INFO] META-INF/LICENSE already added, skipping
[INFO] META-INF/NOTICE already added, skipping
[INFO] META-INF/maven/ already added, skipping
[INFO] org/ already added, skipping
[INFO] org/apache/ already added, skipping
[INFO] META-INF/ already added, skipping
[INFO] META-INF/MANIFEST.MF already added, skipping
[INFO] META-INF/maven/ already added, skipping
[INFO] META-INF/maven/org.spdx/ already added, skipping
[INFO] org/ already added, skipping
[INFO] org/spdx/ already added, skipping
[INFO] META-INF/maven/org.spdx/spdx-spreadsheet-store/pom.xml already added, skipping
[INFO] META-INF/maven/org.spdx/spdx-spreadsheet-store/pom.properties already added, skipping
[INFO] META-INF/ already added, skipping
[INFO] META-INF/MANIFEST.MF already added, skipping
[INFO] org/ already added, skipping
[INFO] org/apache/ already added, skipping
[INFO] META-INF/LICENSE already added, skipping
[INFO] META-INF/NOTICE already added, skipping
[INFO] META-INF/MANIFEST.MF already added, skipping
[INFO] META-INF/ already added, skipping
[INFO] org/ already added, skipping
[INFO] org/apache/ already added, skipping
[INFO] org/apache/commons/ already added, skipping
[INFO] META-INF/maven/ already added, skipping
[INFO] META-INF/maven/org.apache.commons/ already added, skipping
[INFO] META-INF/LICENSE.txt already added, skipping
[INFO] META-INF/NOTICE.txt already added, skipping
[INFO] META-INF/ already added, skipping
[INFO] META-INF/MANIFEST.MF already added, skipping
[INFO] org/ already added, skipping
[INFO] org/apache/ already added, skipping
[INFO] org/apache/commons/ already added, skipping
[INFO] META-INF/LICENSE.txt already added, skipping
[INFO] META-INF/NOTICE.txt already added, skipping
[INFO] META-INF/maven/ already added, skipping
[INFO] META-INF/maven/org.apache.commons/ already added, skipping
[INFO] META-INF/ already added, skipping
[INFO] META-INF/MANIFEST.MF already added, skipping
[INFO] com/ already added, skipping
[INFO] META-INF/maven/ already added, skipping
[INFO] META-INF/MANIFEST.MF already added, skipping
[INFO] META-INF/ already added, skipping
[INFO] com/ already added, skipping
[INFO] META-INF/maven/ already added, skipping
[INFO] META-INF/MANIFEST.MF already added, skipping
[INFO] META-INF/ already added, skipping
[INFO] org/ already added, skipping
[INFO] org/apache/ already added, skipping
[INFO] org/apache/commons/ already added, skipping
[INFO] META-INF/maven/ already added, skipping
[INFO] META-INF/maven/org.apache.commons/ already added, skipping
[INFO] META-INF/LICENSE.txt already added, skipping
[INFO] META-INF/NOTICE.txt already added, skipping
[INFO] META-INF/MANIFEST.MF already added, skipping
[INFO] META-INF/ already added, skipping
[INFO] org/ already added, skipping
[INFO] org/apache/ already added, skipping
[INFO] org/apache/commons/ already added, skipping
[INFO] META-INF/maven/ already added, skipping
[INFO] META-INF/LICENSE.txt already added, skipping
[INFO] META-INF/NOTICE.txt already added, skipping
[INFO] META-INF/ already added, skipping
[INFO] META-INF/MANIFEST.MF already added, skipping
[INFO] org/ already added, skipping
[INFO] org/apache/ already added, skipping
[INFO] org/apache/commons/ already added, skipping
[INFO] org/apache/commons/logging/ already added, skipping
[INFO] org/apache/commons/logging/impl/ already added, skipping
[INFO] META-INF/NOTICE.txt already added, skipping
[INFO] META-INF/LICENSE.txt already added, skipping
[INFO] org/apache/commons/logging/impl/SimpleLog.class already added, skipping
[INFO] org/apache/commons/logging/impl/NoOpLog.class already added, skipping
[INFO] org/apache/commons/logging/impl/SimpleLog$1.class already added, skipping
[INFO] org/apache/commons/logging/LogConfigurationException.class already added, skipping
[INFO] org/apache/commons/logging/LogFactory.class already added, skipping
[INFO] org/apache/commons/logging/Log.class already added, skipping
[INFO] META-INF/maven/ already added, skipping
[INFO] META-INF/ already added, skipping
[INFO] META-INF/MANIFEST.MF already added, skipping
[INFO] org/ already added, skipping
[INFO] org/apache/ already added, skipping
[INFO] org/apache/commons/ already added, skipping
[INFO] META-INF/NOTICE.txt already added, skipping
[INFO] META-INF/LICENSE.txt already added, skipping
[INFO] META-INF/maven/ already added, skipping
[INFO] META-INF/ already added, skipping
[INFO] META-INF/MANIFEST.MF already added, skipping
[INFO] org/ already added, skipping
[INFO] org/apache/ already added, skipping
[INFO] org/apache/poi/ already added, skipping
[INFO] org/apache/poi/poifs/ already added, skipping
[INFO] org/apache/poi/poifs/crypt/ already added, skipping
[INFO] META-INF/LICENSE already added, skipping
[INFO] META-INF/NOTICE already added, skipping
[INFO] META-INF/ already added, skipping
[INFO] META-INF/MANIFEST.MF already added, skipping
[INFO] com/ already added, skipping
[INFO] org/ already added, skipping
[INFO] META-INF/LICENSE already added, skipping
[INFO] META-INF/NOTICE already added, skipping
[INFO] META-INF/ already added, skipping
[INFO] META-INF/MANIFEST.MF already added, skipping
[INFO] org/ already added, skipping
[INFO] org/apache/ already added, skipping
[INFO] schemaorg_apache_xmlbeans/ already added, skipping
[INFO] schemaorg_apache_xmlbeans/element/ already added, skipping
[INFO] schemaorg_apache_xmlbeans/system/ already added, skipping
[INFO] META-INF/services/ already added, skipping
[INFO] META-INF/ already added, skipping
[INFO] META-INF/MANIFEST.MF already added, skipping
[INFO] com/ already added, skipping
[INFO] META-INF/maven/ already added, skipping
[INFO] META-INF/ already added, skipping
[INFO] META-INF/MANIFEST.MF already added, skipping
[INFO] META-INF/maven/ already added, skipping
[INFO] META-INF/maven/org.spdx/ already added, skipping
[INFO] org/ already added, skipping
[INFO] org/spdx/ already added, skipping
[INFO] META-INF/LICENSE already added, skipping
[INFO] META-INF/README.md already added, skipping
[INFO] META-INF/maven/org.spdx/spdx-tagvalue-store/pom.xml already added, skipping
[INFO] META-INF/maven/org.spdx/spdx-tagvalue-store/pom.properties already added, skipping
[INFO] META-INF/ already added, skipping
[INFO] META-INF/MANIFEST.MF already added, skipping
[INFO] META-INF/LICENSE already added, skipping
[INFO] com/ already added, skipping
[INFO] com/github/ already added, skipping
[INFO] META-INF/MANIFEST.MF already added, skipping
[INFO] META-INF/ already added, skipping
[INFO] META-INF/maven/ already added, skipping
[INFO] META-INF/maven/com.google.guava/ already added, skipping
[INFO] com/ already added, skipping
[INFO] com/google/ already added, skipping
[INFO] META-INF/MANIFEST.MF already added, skipping
[INFO] META-INF/ already added, skipping
[INFO] META-INF/maven/ already added, skipping
[INFO] META-INF/maven/com.google.guava/ already added, skipping
[INFO] META-INF/maven/com.google.guava/failureaccess/ already added, skipping
[INFO] META-INF/maven/com.google.guava/failureaccess/pom.properties already added, skipping
[INFO] META-INF/maven/com.google.guava/failureaccess/pom.xml already added, skipping
[INFO] com/ already added, skipping
[INFO] com/google/ already added, skipping
[INFO] com/google/common/ already added, skipping
[INFO] com/google/common/util/ already added, skipping
[INFO] com/google/common/util/concurrent/ already added, skipping
[INFO] META-INF/MANIFEST.MF already added, skipping
[INFO] META-INF/ already added, skipping
[INFO] META-INF/maven/ already added, skipping
[INFO] META-INF/maven/com.google.guava/ already added, skipping
[INFO] META-INF/maven/com.google.guava/listenablefuture/ already added, skipping
[INFO] META-INF/maven/com.google.guava/listenablefuture/pom.xml already added, skipping
[INFO] META-INF/maven/com.google.guava/listenablefuture/pom.properties already added, skipping
[INFO] META-INF/ already added, skipping
[INFO] META-INF/MANIFEST.MF already added, skipping
[INFO] org/ already added, skipping
[INFO] META-INF/ already added, skipping
[INFO] META-INF/MANIFEST.MF already added, skipping
[INFO] com/ already added, skipping
[INFO] com/google/ already added, skipping
[INFO] META-INF/maven/ already added, skipping
[INFO] META-INF/ already added, skipping
[INFO] META-INF/MANIFEST.MF already added, skipping
[INFO] com/ already added, skipping
[INFO] com/google/ already added, skipping
[INFO] META-INF/maven/ already added, skipping
[INFO] META-INF/ already added, skipping
[INFO] META-INF/MANIFEST.MF already added, skipping
[INFO] com/ already added, skipping
[INFO] com/github/ already added, skipping
[INFO] com/github/fge/ already added, skipping
[INFO] META-INF/ already added, skipping
[INFO] META-INF/MANIFEST.MF already added, skipping
[INFO] META-INF/ASL-2.0.txt already added, skipping
[INFO] META-INF/LGPL-3.0.txt already added, skipping
[INFO] META-INF/LICENSE already added, skipping
[INFO] com/ already added, skipping
[INFO] com/github/ already added, skipping
[INFO] com/github/fge/ already added, skipping
[INFO] com/github/fge/jackson/ already added, skipping
[INFO] META-INF/ already added, skipping
[INFO] META-INF/MANIFEST.MF already added, skipping
[INFO] com/ already added, skipping
[INFO] com/github/ already added, skipping
[INFO] com/github/fge/ already added, skipping
[INFO] META-INF/ASL-2.0.txt already added, skipping
[INFO] META-INF/LGPL-3.0.txt already added, skipping
[INFO] META-INF/LICENSE already added, skipping
[INFO] META-INF/ already added, skipping
[INFO] META-INF/MANIFEST.MF already added, skipping
[INFO] com/ already added, skipping
[INFO] com/github/ already added, skipping
[INFO] com/github/fge/ already added, skipping
[INFO] META-INF/ASL-2.0.txt already added, skipping
[INFO] META-INF/LGPL-3.0.txt already added, skipping
[INFO] META-INF/LICENSE already added, skipping
[INFO] META-INF/ already added, skipping
[INFO] META-INF/MANIFEST.MF already added, skipping
[INFO] META-INF/ASL-2.0.txt already added, skipping
[INFO] META-INF/LGPL-3.0.txt already added, skipping
[INFO] META-INF/LICENSE already added, skipping
[INFO] com/ already added, skipping
[INFO] com/github/ already added, skipping
[INFO] com/github/fge/ already added, skipping
[INFO] com/github/fge/jsonschema/ already added, skipping
[INFO] draftv3/ already added, skipping
[INFO] draftv3/schema already added, skipping
[INFO] draftv4/ already added, skipping
[INFO] draftv4/schema already added, skipping
[INFO] META-INF/ already added, skipping
[INFO] META-INF/MANIFEST.MF already added, skipping
[INFO] META-INF/ASL-2.0.txt already added, skipping
[INFO] META-INF/LGPL-3.0.txt already added, skipping
[INFO] META-INF/LICENSE already added, skipping
[INFO] com/ already added, skipping
[INFO] com/github/ already added, skipping
[INFO] com/github/fge/ already added, skipping
[INFO] META-INF/ already added, skipping
[INFO] META-INF/MANIFEST.MF already added, skipping
[INFO] org/ already added, skipping
[INFO] LICENSE.txt already added, skipping
[INFO] META-INF/ already added, skipping
[INFO] META-INF/MANIFEST.MF already added, skipping
[INFO] com/ already added, skipping
[INFO] javax/ already added, skipping
[INFO] META-INF/services/ already added, skipping
[INFO] META-INF/maven/ already added, skipping
[INFO] META-INF/LICENSE.txt already added, skipping
[INFO] META-INF/MANIFEST.MF already added, skipping
[INFO] META-INF/ already added, skipping
[INFO] org/ already added, skipping
[INFO] META-INF/maven/ already added, skipping
[INFO] META-INF/LICENSE.txt already added, skipping
[INFO] META-INF/NOTICE.txt already added, skipping
[INFO] META-INF/MANIFEST.MF already added, skipping
[INFO] META-INF/ already added, skipping
[INFO] com/ already added, skipping
[INFO] com/google/ already added, skipping
[INFO] META-INF/maven/ already added, skipping
[INFO] META-INF/MANIFEST.MF already added, skipping
[INFO] META-INF/ already added, skipping
[INFO] META-INF/maven/ already added, skipping
[INFO] Building jar: C:\Users\gary\git\tools-java\target\tools-java-1.1.0-jar-with-dependencies.jar
[INFO] META-INF/maven/org.spdx/java-spdx-library/pom.xml already added, skipping
[INFO] META-INF/maven/org.spdx/java-spdx-library/pom.properties already added, skipping
[INFO] META-INF/MANIFEST.MF already added, skipping
[INFO] META-INF/ already added, skipping
[INFO] org/ already added, skipping
[INFO] META-INF/maven/ already added, skipping
[INFO] META-INF/LICENSE already added, skipping
[INFO] META-INF/ already added, skipping
[INFO] META-INF/MANIFEST.MF already added, skipping
[INFO] org/ already added, skipping
[INFO] org/slf4j/ already added, skipping
[INFO] META-INF/maven/ already added, skipping
[INFO] META-INF/MANIFEST.MF already added, skipping
[INFO] META-INF/ already added, skipping
[INFO] org/ already added, skipping
[INFO] org/apache/ already added, skipping
[INFO] org/apache/logging/ already added, skipping
[INFO] META-INF/maven/ already added, skipping
[INFO] META-INF/maven/org.apache.logging.log4j/ already added, skipping
[INFO] META-INF/NOTICE already added, skipping
[INFO] META-INF/LICENSE already added, skipping
[INFO] META-INF/DEPENDENCIES already added, skipping
[INFO] META-INF/MANIFEST.MF already added, skipping
[INFO] META-INF/ already added, skipping
[INFO] org/ already added, skipping
[INFO] org/apache/ already added, skipping
[INFO] org/apache/logging/ already added, skipping
[INFO] org/apache/logging/log4j/ already added, skipping
[INFO] META-INF/versions/ already added, skipping
[INFO] META-INF/versions/9/ already added, skipping
[INFO] META-INF/versions/9/org/ already added, skipping
[INFO] META-INF/versions/9/org/apache/ already added, skipping
[INFO] META-INF/versions/9/org/apache/logging/ already added, skipping
[INFO] META-INF/versions/9/org/apache/logging/log4j/ already added, skipping
[INFO] META-INF/services/ already added, skipping
[INFO] META-INF/maven/ already added, skipping
[INFO] META-INF/maven/org.apache.logging.log4j/ already added, skipping
[INFO] META-INF/LICENSE already added, skipping
[INFO] META-INF/DEPENDENCIES already added, skipping
[INFO] META-INF/NOTICE already added, skipping
[INFO] META-INF/MANIFEST.MF already added, skipping
[INFO] META-INF/ already added, skipping
[INFO] org/ already added, skipping
[INFO] org/apache/ already added, skipping
[INFO] META-INF/maven/ already added, skipping
[INFO] META-INF/MANIFEST.MF already added, skipping
[INFO] META-INF/ already added, skipping
[INFO] org/ already added, skipping
[INFO] META-INF/maven/ already added, skipping
[INFO] META-INF/LICENSE already added, skipping
[INFO] META-INF/MANIFEST.MF already added, skipping
[INFO] META-INF/ already added, skipping
[INFO] META-INF/maven/ already added, skipping
[INFO] META-INF/ already added, skipping
[INFO] META-INF/MANIFEST.MF already added, skipping
[INFO] META-INF/maven/ already added, skipping
[INFO] META-INF/ already added, skipping
[INFO] META-INF/MANIFEST.MF already added, skipping
[INFO] META-INF/maven/ already added, skipping
[INFO] META-INF/maven/org.spdx/ already added, skipping
[INFO] org/ already added, skipping
[INFO] org/spdx/ already added, skipping
[INFO] resources/ already added, skipping
[INFO] META-INF/LICENSE already added, skipping
[INFO] META-INF/maven/org.spdx/spdx-rdf-store/pom.xml already added, skipping
[INFO] META-INF/maven/org.spdx/spdx-rdf-store/pom.properties already added, skipping
[INFO] META-INF/MANIFEST.MF already added, skipping
[INFO] META-INF/ already added, skipping
[INFO] META-INF/services/ already added, skipping
[INFO] org/ already added, skipping
[INFO] org/apache/ already added, skipping
[INFO] META-INF/maven/ already added, skipping
[INFO] META-INF/DEPENDENCIES already added, skipping
[INFO] META-INF/LICENSE already added, skipping
[INFO] META-INF/NOTICE already added, skipping
[INFO] META-INF/MANIFEST.MF already added, skipping
[INFO] META-INF/ already added, skipping
[INFO] org/ already added, skipping
[INFO] org/apache/ already added, skipping
[INFO] org/apache/jena/ already added, skipping
[INFO] META-INF/maven/ already added, skipping
[INFO] META-INF/maven/org.apache.jena/ already added, skipping
[INFO] META-INF/DEPENDENCIES already added, skipping
[INFO] META-INF/LICENSE already added, skipping
[INFO] META-INF/NOTICE already added, skipping
[INFO] META-INF/MANIFEST.MF already added, skipping
[INFO] META-INF/ already added, skipping
[INFO] META-INF/DEPENDENCIES already added, skipping
[INFO] META-INF/LICENSE already added, skipping
[INFO] META-INF/NOTICE already added, skipping
[INFO] META-INF/maven/ already added, skipping
[INFO] META-INF/maven/org.apache.jena/ already added, skipping
[INFO] org/ already added, skipping
[INFO] org/apache/ already added, skipping
[INFO] org/apache/jena/ already added, skipping
[INFO] org/apache/jena/ext/ already added, skipping
[INFO] META-INF/MANIFEST.MF already added, skipping
[INFO] META-INF/ already added, skipping
[INFO] org/ already added, skipping
[INFO] org/apache/ already added, skipping
[INFO] org/apache/commons/ already added, skipping
[INFO] META-INF/maven/ already added, skipping
[INFO] META-INF/maven/org.apache.commons/ already added, skipping
[INFO] META-INF/LICENSE.txt already added, skipping
[INFO] META-INF/NOTICE.txt already added, skipping
[INFO] META-INF/MANIFEST.MF already added, skipping
[INFO] META-INF/ already added, skipping
[INFO] org/ already added, skipping
[INFO] org/apache/ already added, skipping
[INFO] org/apache/commons/ already added, skipping
[INFO] META-INF/maven/ already added, skipping
[INFO] META-INF/LICENSE.txt already added, skipping
[INFO] META-INF/NOTICE.txt already added, skipping
[INFO] META-INF/MANIFEST.MF already added, skipping
[INFO] META-INF/ already added, skipping
[INFO] org/ already added, skipping
[INFO] org/apache/ already added, skipping
[INFO] org/apache/commons/ already added, skipping
[INFO] META-INF/maven/ already added, skipping
[INFO] META-INF/LICENSE.txt already added, skipping
[INFO] META-INF/NOTICE.txt already added, skipping
[INFO] META-INF/MANIFEST.MF already added, skipping
[INFO] META-INF/ already added, skipping
[INFO] org/ already added, skipping
[INFO] org/apache/ already added, skipping
[INFO] org/apache/commons/ already added, skipping
[INFO] META-INF/maven/ already added, skipping
[INFO] META-INF/maven/org.apache.commons/ already added, skipping
[INFO] META-INF/LICENSE.txt already added, skipping
[INFO] META-INF/NOTICE.txt already added, skipping
[INFO] META-INF/ already added, skipping
[INFO] META-INF/MANIFEST.MF already added, skipping
[INFO] com/ already added, skipping
[INFO] META-INF/MANIFEST.MF already added, skipping
[INFO] META-INF/ already added, skipping
[INFO] org/ already added, skipping
[INFO] org/apache/ already added, skipping
[INFO] org/apache/jena/ already added, skipping
[INFO] META-INF/maven/ already added, skipping
[INFO] META-INF/maven/org.apache.jena/ already added, skipping
[INFO] META-INF/DEPENDENCIES already added, skipping
[INFO] META-INF/LICENSE already added, skipping
[INFO] META-INF/NOTICE already added, skipping
[INFO] META-INF/MANIFEST.MF already added, skipping
[INFO] META-INF/ already added, skipping
[INFO] org/ already added, skipping
[INFO] org/apache/ already added, skipping
[INFO] org/apache/commons/ already added, skipping
[INFO] META-INF/maven/ already added, skipping
[INFO] META-INF/LICENSE.txt already added, skipping
[INFO] META-INF/NOTICE.txt already added, skipping
[INFO] META-INF/MANIFEST.MF already added, skipping
[INFO] META-INF/ already added, skipping
[INFO] META-INF/services/ already added, skipping
[INFO] org/ already added, skipping
[INFO] org/apache/ already added, skipping
[INFO] org/apache/jena/ already added, skipping
[INFO] org/apache/jena/atlas/ already added, skipping
[INFO] META-INF/maven/ already added, skipping
[INFO] META-INF/maven/org.apache.jena/ already added, skipping
[INFO] META-INF/DEPENDENCIES already added, skipping
[INFO] META-INF/LICENSE already added, skipping
[INFO] META-INF/NOTICE already added, skipping
[INFO] META-INF/services/org.apache.jena.sys.JenaSubsystemLifecycle already added, skipping
[INFO] META-INF/MANIFEST.MF already added, skipping
[INFO] META-INF/ already added, skipping
[INFO] org/ already added, skipping
[INFO] org/apache/ already added, skipping
[INFO] META-INF/maven/ already added, skipping
[INFO] META-INF/NOTICE already added, skipping
[INFO] META-INF/DEPENDENCIES already added, skipping
[INFO] META-INF/LICENSE already added, skipping
[INFO] META-INF/MANIFEST.MF already added, skipping
[INFO] META-INF/ already added, skipping
[INFO] org/ already added, skipping
[INFO] org/apache/ already added, skipping
[INFO] org/apache/http/ already added, skipping
[INFO] org/apache/http/impl/ already added, skipping
[INFO] META-INF/maven/ already added, skipping
[INFO] META-INF/maven/org.apache.httpcomponents/ already added, skipping
[INFO] META-INF/LICENSE already added, skipping
[INFO] META-INF/DEPENDENCIES already added, skipping
[INFO] META-INF/NOTICE already added, skipping
[INFO] META-INF/ already added, skipping
[INFO] META-INF/MANIFEST.MF already added, skipping
[INFO] META-INF/maven/ already added, skipping
[INFO] com/ already added, skipping
[INFO] com/github/ already added, skipping
[INFO] META-INF/ already added, skipping
[INFO] META-INF/MANIFEST.MF already added, skipping
[INFO] META-INF/services/ already added, skipping
[INFO] org/ already added, skipping
[INFO] org/apache/ already added, skipping
[INFO] org/apache/commons/ already added, skipping
[INFO] META-INF/maven/ already added, skipping
[INFO] META-INF/maven/org.slf4j/ already added, skipping
[INFO] META-INF/MANIFEST.MF already added, skipping
[INFO] META-INF/ already added, skipping
[INFO] com/ already added, skipping
[INFO] META-INF/maven/ already added, skipping
[INFO] META-INF/ already added, skipping
[INFO] META-INF/MANIFEST.MF already added, skipping
[INFO] META-INF/maven/ already added, skipping
[INFO] module-info.class already added, skipping
[INFO] org/ already added, skipping
[INFO] META-INF/ already added, skipping
[INFO] META-INF/MANIFEST.MF already added, skipping
[INFO] META-INF/LICENSE already added, skipping
[INFO] META-INF/NOTICE already added, skipping
[INFO] META-INF/maven/ already added, skipping
[INFO] META-INF/services/ already added, skipping
[INFO] com/ already added, skipping
[INFO] module-info.class already added, skipping
[INFO] META-INF/ already added, skipping
[INFO] META-INF/MANIFEST.MF already added, skipping
[INFO] META-INF/LICENSE already added, skipping
[INFO] META-INF/NOTICE already added, skipping
[INFO] META-INF/maven/ already added, skipping
[INFO] META-INF/maven/com.fasterxml.jackson.core/ already added, skipping
[INFO] META-INF/services/ already added, skipping
[INFO] com/ already added, skipping
[INFO] com/fasterxml/ already added, skipping
[INFO] com/fasterxml/jackson/ already added, skipping
[INFO] module-info.class already added, skipping
[INFO] META-INF/ already added, skipping
[INFO] META-INF/MANIFEST.MF already added, skipping
[INFO] META-INF/LICENSE already added, skipping
[INFO] META-INF/maven/ already added, skipping
[INFO] META-INF/maven/com.fasterxml.jackson.core/ already added, skipping
[INFO] com/ already added, skipping
[INFO] com/fasterxml/ already added, skipping
[INFO] com/fasterxml/jackson/ already added, skipping
[INFO] module-info.class already added, skipping
[INFO] META-INF/MANIFEST.MF already added, skipping
[INFO] META-INF/ already added, skipping
[INFO] org/ already added, skipping
[INFO] org/apache/ already added, skipping
[INFO] org/apache/http/ already added, skipping
[INFO] org/apache/http/client/ already added, skipping
[INFO] org/apache/http/impl/ already added, skipping
[INFO] org/apache/http/impl/client/ already added, skipping
[INFO] META-INF/maven/ already added, skipping
[INFO] META-INF/maven/org.apache.httpcomponents/ already added, skipping
[INFO] META-INF/DEPENDENCIES already added, skipping
[INFO] META-INF/NOTICE already added, skipping
[INFO] META-INF/LICENSE already added, skipping
[INFO] META-INF/ already added, skipping
[INFO] META-INF/MANIFEST.MF already added, skipping
[INFO] org/ already added, skipping
[INFO] org/apache/ already added, skipping
[INFO] META-INF/LICENSE.txt already added, skipping
[INFO] META-INF/NOTICE.txt already added, skipping
[INFO] META-INF/ already added, skipping
[INFO] META-INF/MANIFEST.MF already added, skipping
[INFO] javax/ already added, skipping
[INFO] javax/annotation/ already added, skipping
[INFO] META-INF/LICENSE.txt already added, skipping
[INFO] META-INF/maven/ already added, skipping
[INFO] META-INF/ already added, skipping
[INFO] META-INF/MANIFEST.MF already added, skipping
[INFO] META-INF/maven/ already added, skipping
[INFO] META-INF/maven/org.spdx/ already added, skipping
[INFO] org/ already added, skipping
[INFO] org/spdx/ already added, skipping
[INFO] resources/ already added, skipping
[INFO] META-INF/LICENSE already added, skipping
[INFO] META-INF/maven/org.spdx/spdx-jackson-store/pom.xml already added, skipping
[INFO] META-INF/maven/org.spdx/spdx-jackson-store/pom.properties already added, skipping
[INFO] META-INF/ already added, skipping
[INFO] META-INF/MANIFEST.MF already added, skipping
[INFO] META-INF/LICENSE already added, skipping
[INFO] META-INF/NOTICE already added, skipping
[INFO] META-INF/maven/ already added, skipping
[INFO] META-INF/services/ already added, skipping
[INFO] META-INF/services/com.fasterxml.jackson.core.JsonFactory already added, skipping
[INFO] META-INF/services/com.fasterxml.jackson.core.ObjectCodec already added, skipping
[INFO] com/ already added, skipping
[INFO] com/fasterxml/ already added, skipping
[INFO] com/fasterxml/jackson/ already added, skipping
[INFO] module-info.class already added, skipping
[INFO] META-INF/ already added, skipping
[INFO] META-INF/MANIFEST.MF already added, skipping
[INFO] META-INF/LICENSE already added, skipping
[INFO] META-INF/NOTICE already added, skipping
[INFO] META-INF/maven/ already added, skipping
[INFO] META-INF/services/ already added, skipping
[INFO] com/ already added, skipping
[INFO] com/fasterxml/ already added, skipping
[INFO] com/fasterxml/jackson/ already added, skipping
[INFO] META-INF/versions/ already added, skipping
[INFO] META-INF/MANIFEST.MF already added, skipping
[INFO] META-INF/ already added, skipping
[INFO] javax/ already added, skipping
[INFO] META-INF/versions/ already added, skipping
[INFO] META-INF/versions/9/ already added, skipping
[INFO] META-INF/maven/ already added, skipping
[INFO] META-INF/LICENSE.md already added, skipping
[INFO] META-INF/NOTICE.md already added, skipping
[INFO] module-info.class already added, skipping
[INFO] META-INF/ already added, skipping
[INFO] META-INF/MANIFEST.MF already added, skipping
[INFO] javax/ already added, skipping
[INFO] META-INF/NOTICE.md already added, skipping
[INFO] META-INF/LICENSE.md already added, skipping
[INFO] META-INF/maven/ already added, skipping
[INFO] META-INF/ already added, skipping
[INFO] META-INF/MANIFEST.MF already added, skipping
[INFO] META-INF/LICENSE already added, skipping
[INFO] META-INF/maven/ already added, skipping
[INFO] org/ already added, skipping
[INFO] module-info.class already added, skipping
[INFO] META-INF/ already added, skipping
[INFO] META-INF/MANIFEST.MF already added, skipping
[INFO] META-INF/LICENSE already added, skipping
[INFO] META-INF/maven/ already added, skipping
[INFO] META-INF/services/ already added, skipping
[INFO] com/ already added, skipping
[INFO] module-info.class already added, skipping
[INFO] META-INF/ already added, skipping
[INFO] META-INF/MANIFEST.MF already added, skipping
[INFO] META-INF/LICENSE already added, skipping
[INFO] META-INF/NOTICE already added, skipping
[INFO] META-INF/maven/ already added, skipping
[INFO] META-INF/maven/com.fasterxml.jackson.dataformat/ already added, skipping
[INFO] META-INF/services/ already added, skipping
[INFO] META-INF/services/com.fasterxml.jackson.core.JsonFactory already added, skipping
[INFO] META-INF/services/com.fasterxml.jackson.core.ObjectCodec already added, skipping
[INFO] com/ already added, skipping
[INFO] com/fasterxml/ already added, skipping
[INFO] com/fasterxml/jackson/ already added, skipping
[INFO] com/fasterxml/jackson/dataformat/ already added, skipping
[INFO] module-info.class already added, skipping
[INFO] META-INF/MANIFEST.MF already added, skipping
[INFO] META-INF/ already added, skipping
[INFO] META-INF/maven/ already added, skipping
[INFO] org/ already added, skipping
[INFO] META-INF/MANIFEST.MF already added, skipping
[INFO] META-INF/ already added, skipping
[INFO] META-INF/maven/ already added, skipping
[INFO] org/ already added, skipping
[INFO] META-INF/MANIFEST.MF already added, skipping
[INFO] META-INF/ already added, skipping
[INFO] META-INF/DEPENDENCIES already added, skipping
[INFO] META-INF/LICENSE already added, skipping
[INFO] META-INF/NOTICE already added, skipping
[INFO] META-INF/maven/ already added, skipping
[INFO] org/ already added, skipping
[INFO] org/apache/ already added, skipping
[INFO] META-INF/ already added, skipping
[INFO] META-INF/MANIFEST.MF already added, skipping
[INFO] META-INF/maven/ already added, skipping
[INFO] META-INF/maven/org.spdx/ already added, skipping
[INFO] org/ already added, skipping
[INFO] org/spdx/ already added, skipping
[INFO] META-INF/maven/org.spdx/spdx-spreadsheet-store/pom.xml already added, skipping
[INFO] META-INF/maven/org.spdx/spdx-spreadsheet-store/pom.properties already added, skipping
[INFO] META-INF/ already added, skipping
[INFO] META-INF/MANIFEST.MF already added, skipping
[INFO] org/ already added, skipping
[INFO] org/apache/ already added, skipping
[INFO] META-INF/LICENSE already added, skipping
[INFO] META-INF/NOTICE already added, skipping
[INFO] META-INF/MANIFEST.MF already added, skipping
[INFO] META-INF/ already added, skipping
[INFO] org/ already added, skipping
[INFO] org/apache/ already added, skipping
[INFO] org/apache/commons/ already added, skipping
[INFO] META-INF/maven/ already added, skipping
[INFO] META-INF/maven/org.apache.commons/ already added, skipping
[INFO] META-INF/LICENSE.txt already added, skipping
[INFO] META-INF/NOTICE.txt already added, skipping
[INFO] META-INF/ already added, skipping
[INFO] META-INF/MANIFEST.MF already added, skipping
[INFO] org/ already added, skipping
[INFO] org/apache/ already added, skipping
[INFO] org/apache/commons/ already added, skipping
[INFO] META-INF/LICENSE.txt already added, skipping
[INFO] META-INF/NOTICE.txt already added, skipping
[INFO] META-INF/maven/ already added, skipping
[INFO] META-INF/maven/org.apache.commons/ already added, skipping
[INFO] META-INF/ already added, skipping
[INFO] META-INF/MANIFEST.MF already added, skipping
[INFO] com/ already added, skipping
[INFO] META-INF/maven/ already added, skipping
[INFO] META-INF/MANIFEST.MF already added, skipping
[INFO] META-INF/ already added, skipping
[INFO] com/ already added, skipping
[INFO] META-INF/maven/ already added, skipping
[INFO] META-INF/MANIFEST.MF already added, skipping
[INFO] META-INF/ already added, skipping
[INFO] org/ already added, skipping
[INFO] org/apache/ already added, skipping
[INFO] org/apache/commons/ already added, skipping
[INFO] META-INF/maven/ already added, skipping
[INFO] META-INF/maven/org.apache.commons/ already added, skipping
[INFO] META-INF/LICENSE.txt already added, skipping
[INFO] META-INF/NOTICE.txt already added, skipping
[INFO] META-INF/MANIFEST.MF already added, skipping
[INFO] META-INF/ already added, skipping
[INFO] org/ already added, skipping
[INFO] org/apache/ already added, skipping
[INFO] org/apache/commons/ already added, skipping
[INFO] META-INF/maven/ already added, skipping
[INFO] META-INF/LICENSE.txt already added, skipping
[INFO] META-INF/NOTICE.txt already added, skipping
[INFO] META-INF/ already added, skipping
[INFO] META-INF/MANIFEST.MF already added, skipping
[INFO] org/ already added, skipping
[INFO] org/apache/ already added, skipping
[INFO] org/apache/commons/ already added, skipping
[INFO] org/apache/commons/logging/ already added, skipping
[INFO] org/apache/commons/logging/impl/ already added, skipping
[INFO] META-INF/NOTICE.txt already added, skipping
[INFO] META-INF/LICENSE.txt already added, skipping
[INFO] org/apache/commons/logging/impl/SimpleLog.class already added, skipping
[INFO] org/apache/commons/logging/impl/NoOpLog.class already added, skipping
[INFO] org/apache/commons/logging/impl/SimpleLog$1.class already added, skipping
[INFO] org/apache/commons/logging/LogConfigurationException.class already added, skipping
[INFO] org/apache/commons/logging/LogFactory.class already added, skipping
[INFO] org/apache/commons/logging/Log.class already added, skipping
[INFO] META-INF/maven/ already added, skipping
[INFO] META-INF/ already added, skipping
[INFO] META-INF/MANIFEST.MF already added, skipping
[INFO] org/ already added, skipping
[INFO] org/apache/ already added, skipping
[INFO] org/apache/commons/ already added, skipping
[INFO] META-INF/NOTICE.txt already added, skipping
[INFO] META-INF/LICENSE.txt already added, skipping
[INFO] META-INF/maven/ already added, skipping
[INFO] META-INF/ already added, skipping
[INFO] META-INF/MANIFEST.MF already added, skipping
[INFO] org/ already added, skipping
[INFO] org/apache/ already added, skipping
[INFO] org/apache/poi/ already added, skipping
[INFO] org/apache/poi/poifs/ already added, skipping
[INFO] org/apache/poi/poifs/crypt/ already added, skipping
[INFO] META-INF/LICENSE already added, skipping
[INFO] META-INF/NOTICE already added, skipping
[INFO] META-INF/ already added, skipping
[INFO] META-INF/MANIFEST.MF already added, skipping
[INFO] com/ already added, skipping
[INFO] org/ already added, skipping
[INFO] META-INF/LICENSE already added, skipping
[INFO] META-INF/NOTICE already added, skipping
[INFO] META-INF/ already added, skipping
[INFO] META-INF/MANIFEST.MF already added, skipping
[INFO] org/ already added, skipping
[INFO] org/apache/ already added, skipping
[INFO] schemaorg_apache_xmlbeans/ already added, skipping
[INFO] schemaorg_apache_xmlbeans/element/ already added, skipping
[INFO] schemaorg_apache_xmlbeans/system/ already added, skipping
[INFO] META-INF/services/ already added, skipping
[INFO] META-INF/ already added, skipping
[INFO] META-INF/MANIFEST.MF already added, skipping
[INFO] com/ already added, skipping
[INFO] META-INF/maven/ already added, skipping
[INFO] META-INF/ already added, skipping
[INFO] META-INF/MANIFEST.MF already added, skipping
[INFO] META-INF/maven/ already added, skipping
[INFO] META-INF/maven/org.spdx/ already added, skipping
[INFO] org/ already added, skipping
[INFO] org/spdx/ already added, skipping
[INFO] META-INF/LICENSE already added, skipping
[INFO] META-INF/README.md already added, skipping
[INFO] META-INF/maven/org.spdx/spdx-tagvalue-store/pom.xml already added, skipping
[INFO] META-INF/maven/org.spdx/spdx-tagvalue-store/pom.properties already added, skipping
[INFO] META-INF/ already added, skipping
[INFO] META-INF/MANIFEST.MF already added, skipping
[INFO] META-INF/LICENSE already added, skipping
[INFO] com/ already added, skipping
[INFO] com/github/ already added, skipping
[INFO] META-INF/MANIFEST.MF already added, skipping
[INFO] META-INF/ already added, skipping
[INFO] META-INF/maven/ already added, skipping
[INFO] META-INF/maven/com.google.guava/ already added, skipping
[INFO] com/ already added, skipping
[INFO] com/google/ already added, skipping
[INFO] META-INF/MANIFEST.MF already added, skipping
[INFO] META-INF/ already added, skipping
[INFO] META-INF/maven/ already added, skipping
[INFO] META-INF/maven/com.google.guava/ already added, skipping
[INFO] META-INF/maven/com.google.guava/failureaccess/ already added, skipping
[INFO] META-INF/maven/com.google.guava/failureaccess/pom.properties already added, skipping
[INFO] META-INF/maven/com.google.guava/failureaccess/pom.xml already added, skipping
[INFO] com/ already added, skipping
[INFO] com/google/ already added, skipping
[INFO] com/google/common/ already added, skipping
[INFO] com/google/common/util/ already added, skipping
[INFO] com/google/common/util/concurrent/ already added, skipping
[INFO] META-INF/MANIFEST.MF already added, skipping
[INFO] META-INF/ already added, skipping
[INFO] META-INF/maven/ already added, skipping
[INFO] META-INF/maven/com.google.guava/ already added, skipping
[INFO] META-INF/maven/com.google.guava/listenablefuture/ already added, skipping
[INFO] META-INF/maven/com.google.guava/listenablefuture/pom.xml already added, skipping
[INFO] META-INF/maven/com.google.guava/listenablefuture/pom.properties already added, skipping
[INFO] META-INF/ already added, skipping
[INFO] META-INF/MANIFEST.MF already added, skipping
[INFO] org/ already added, skipping
[INFO] META-INF/ already added, skipping
[INFO] META-INF/MANIFEST.MF already added, skipping
[INFO] com/ already added, skipping
[INFO] com/google/ already added, skipping
[INFO] META-INF/maven/ already added, skipping
[INFO] META-INF/ already added, skipping
[INFO] META-INF/MANIFEST.MF already added, skipping
[INFO] com/ already added, skipping
[INFO] com/google/ already added, skipping
[INFO] META-INF/maven/ already added, skipping
[INFO] META-INF/ already added, skipping
[INFO] META-INF/MANIFEST.MF already added, skipping
[INFO] com/ already added, skipping
[INFO] com/github/ already added, skipping
[INFO] com/github/fge/ already added, skipping
[INFO] META-INF/ already added, skipping
[INFO] META-INF/MANIFEST.MF already added, skipping
[INFO] META-INF/ASL-2.0.txt already added, skipping
[INFO] META-INF/LGPL-3.0.txt already added, skipping
[INFO] META-INF/LICENSE already added, skipping
[INFO] com/ already added, skipping
[INFO] com/github/ already added, skipping
[INFO] com/github/fge/ already added, skipping
[INFO] com/github/fge/jackson/ already added, skipping
[INFO] META-INF/ already added, skipping
[INFO] META-INF/MANIFEST.MF already added, skipping
[INFO] com/ already added, skipping
[INFO] com/github/ already added, skipping
[INFO] com/github/fge/ already added, skipping
[INFO] META-INF/ASL-2.0.txt already added, skipping
[INFO] META-INF/LGPL-3.0.txt already added, skipping
[INFO] META-INF/LICENSE already added, skipping
[INFO] META-INF/ already added, skipping
[INFO] META-INF/MANIFEST.MF already added, skipping
[INFO] com/ already added, skipping
[INFO] com/github/ already added, skipping
[INFO] com/github/fge/ already added, skipping
[INFO] META-INF/ASL-2.0.txt already added, skipping
[INFO] META-INF/LGPL-3.0.txt already added, skipping
[INFO] META-INF/LICENSE already added, skipping
[INFO] META-INF/ already added, skipping
[INFO] META-INF/MANIFEST.MF already added, skipping
[INFO] META-INF/ASL-2.0.txt already added, skipping
[INFO] META-INF/LGPL-3.0.txt already added, skipping
[INFO] META-INF/LICENSE already added, skipping
[INFO] com/ already added, skipping
[INFO] com/github/ already added, skipping
[INFO] com/github/fge/ already added, skipping
[INFO] com/github/fge/jsonschema/ already added, skipping
[INFO] draftv3/ already added, skipping
[INFO] draftv3/schema already added, skipping
[INFO] draftv4/ already added, skipping
[INFO] draftv4/schema already added, skipping
[INFO] META-INF/ already added, skipping
[INFO] META-INF/MANIFEST.MF already added, skipping
[INFO] META-INF/ASL-2.0.txt already added, skipping
[INFO] META-INF/LGPL-3.0.txt already added, skipping
[INFO] META-INF/LICENSE already added, skipping
[INFO] com/ already added, skipping
[INFO] com/github/ already added, skipping
[INFO] com/github/fge/ already added, skipping
[INFO] META-INF/ already added, skipping
[INFO] META-INF/MANIFEST.MF already added, skipping
[INFO] org/ already added, skipping
[INFO] LICENSE.txt already added, skipping
[INFO] META-INF/ already added, skipping
[INFO] META-INF/MANIFEST.MF already added, skipping
[INFO] com/ already added, skipping
[INFO] javax/ already added, skipping
[INFO] META-INF/services/ already added, skipping
[INFO] META-INF/maven/ already added, skipping
[INFO] META-INF/LICENSE.txt already added, skipping
[INFO] META-INF/MANIFEST.MF already added, skipping
[INFO] META-INF/ already added, skipping
[INFO] org/ already added, skipping
[INFO] META-INF/maven/ already added, skipping
[INFO] META-INF/LICENSE.txt already added, skipping
[INFO] META-INF/NOTICE.txt already added, skipping
[INFO] META-INF/MANIFEST.MF already added, skipping
[INFO] META-INF/ already added, skipping
[INFO] com/ already added, skipping
[INFO] com/google/ already added, skipping
[INFO] META-INF/maven/ already added, skipping
[INFO] META-INF/MANIFEST.MF already added, skipping
[INFO] META-INF/ already added, skipping
[INFO] META-INF/maven/ already added, skipping
[INFO] 
[INFO] --- maven-javadoc-plugin:2.9:jar (attach-javadocs) @ tools-java ---
[INFO] 
1 warning
[WARNING] Javadoc Warnings
[WARNING] C:\Users\gary\git\tools-java\src\main\java\org\spdx\tools\SpdxViewer.java:32: warning - invalid usage of tag >
[INFO] Building jar: C:\Users\gary\git\tools-java\target\tools-java-1.1.0-javadoc.jar
[INFO] 
[INFO] --- maven-source-plugin:3.2.1:jar-no-fork (attach-sources) @ tools-java ---
[INFO] Building jar: C:\Users\gary\git\tools-java\target\tools-java-1.1.0-sources.jar
[INFO] 
[INFO] --- maven-gpg-plugin:1.6:sign (sign-artifacts) @ tools-java ---
[INFO] 
[INFO] <<< spdx-maven-plugin:0.6.0:createSPDX (build-spdx) < verify @ tools-java <<<
[INFO] 
[INFO] 
[INFO] --- spdx-maven-plugin:0.6.0:createSPDX (build-spdx) @ tools-java ---
[INFO] Creating SPDX File C:\Users\gary\git\tools-java\target\site\org.spdx_tools-java-1.1.0.spdx.json
[WARNING] Unable to compute checksum for classes:IO error while calculating checksums.
[WARNING] URI http://spdx.org/documents/java-spdx-library-%7B$version%7D does not match any model object or enumeration
[WARNING] URI http://spdx.org/documents/java-spdx-library-%7B$version%7D does not match any model object or enumeration
[WARNING] URI http://spdx.org/documents/java-spdx-rdf-store-%7B$version%7D does not match any model object or enumeration
[WARNING] URI http://spdx.org/documents/java-spdx-rdf-store-%7B$version%7D does not match any model object or enumeration
[WARNING] URI http://spdx.org/documents/java-spdx-jackson-store-%7B$version%7D does not match any model object or enumeration
[WARNING] URI http://spdx.org/documents/java-spdx-jackson-store-%7B$version%7D does not match any model object or enumeration
[WARNING] URI http://spdx.org/documents/java-spdx-spreadsheet-store-%7B$version%7D does not match any model object or enumeration
[WARNING] URI http://spdx.org/documents/java-spdx-spreadsheet-store-%7B$version%7D does not match any model object or enumeration
[WARNING] URI http://spdx.org/documents/java-spdx-tagvalue-store-%7B$version%7D does not match any model object or enumeration
[WARNING] URI http://spdx.org/documents/java-spdx-tagvalue-store-%7B$version%7D does not match any model object or enumeration
[WARNING] URI http://spdx.org/documents/java-spdx-spreadsheet-store-%7B$version%7D does not match any model object or enumeration
[WARNING] URI http://spdx.org/documents/java-spdx-tagvalue-store-%7B$version%7D does not match any model object or enumeration
[WARNING] URI http://spdx.org/documents/java-spdx-rdf-store-%7B$version%7D does not match any model object or enumeration
[WARNING] URI http://spdx.org/documents/java-spdx-jackson-store-%7B$version%7D does not match any model object or enumeration
[WARNING] URI http://spdx.org/documents/java-spdx-library-%7B$version%7D does not match any model object or enumeration
[WARNING] URI http://spdx.org/documents/java-spdx-library-%7B$version%7D does not match any model object or enumeration
[WARNING] URI http://spdx.org/documents/java-spdx-spreadsheet-store-%7B$version%7D does not match any model object or enumeration
[WARNING] URI http://spdx.org/documents/java-spdx-tagvalue-store-%7B$version%7D does not match any model object or enumeration
[WARNING] URI http://spdx.org/documents/java-spdx-rdf-store-%7B$version%7D does not match any model object or enumeration
[WARNING] URI http://spdx.org/documents/java-spdx-rdf-store-%7B$version%7D does not match any model object or enumeration
[WARNING] URI http://spdx.org/documents/java-spdx-spreadsheet-store-%7B$version%7D does not match any model object or enumeration
[WARNING] URI http://spdx.org/documents/java-spdx-tagvalue-store-%7B$version%7D does not match any model object or enumeration
[WARNING] URI http://spdx.org/documents/java-spdx-rdf-store-%7B$version%7D does not match any model object or enumeration
[WARNING] URI http://spdx.org/documents/java-spdx-jackson-store-%7B$version%7D does not match any model object or enumeration
[WARNING] URI http://spdx.org/documents/java-spdx-jackson-store-%7B$version%7D does not match any model object or enumeration
[WARNING] URI http://spdx.org/documents/java-spdx-spreadsheet-store-%7B$version%7D does not match any model object or enumeration
[WARNING] URI http://spdx.org/documents/java-spdx-spreadsheet-store-%7B$version%7D does not match any model object or enumeration
[WARNING] URI http://spdx.org/documents/java-spdx-spreadsheet-store-%7B$version%7D does not match any model object or enumeration
[WARNING] URI http://spdx.org/documents/java-spdx-tagvalue-store-%7B$version%7D does not match any model object or enumeration
[WARNING] URI http://spdx.org/documents/java-spdx-tagvalue-store-%7B$version%7D does not match any model object or enumeration
[WARNING] URI http://spdx.org/documents/java-spdx-spreadsheet-store-%7B$version%7D does not match any model object or enumeration
[WARNING] URI http://spdx.org/documents/java-spdx-tagvalue-store-%7B$version%7D does not match any model object or enumeration
[WARNING] URI http://spdx.org/documents/java-spdx-rdf-store-%7B$version%7D does not match any model object or enumeration
[WARNING] URI http://spdx.org/documents/java-spdx-jackson-store-%7B$version%7D does not match any model object or enumeration
[WARNING] URI http://spdx.org/documents/java-spdx-library-%7B$version%7D does not match any model object or enumeration
[WARNING] URI http://spdx.org/documents/java-spdx-spreadsheet-store-%7B$version%7D does not match any model object or enumeration
[WARNING] URI http://spdx.org/documents/java-spdx-tagvalue-store-%7B$version%7D does not match any model object or enumeration
[WARNING] URI http://spdx.org/documents/java-spdx-rdf-store-%7B$version%7D does not match any model object or enumeration
[WARNING] URI http://spdx.org/documents/java-spdx-jackson-store-%7B$version%7D does not match any model object or enumeration
[WARNING] URI http://spdx.org/documents/java-spdx-library-%7B$version%7D does not match any model object or enumeration
[WARNING] URI http://spdx.org/documents/java-spdx-library-%7B$version%7D does not match any model object or enumeration
[WARNING] URI http://spdx.org/documents/java-spdx-library-%7B$version%7D does not match any model object or enumeration
[WARNING] URI http://spdx.org/documents/java-spdx-spreadsheet-store-%7B$version%7D does not match any model object or enumeration
[WARNING] URI http://spdx.org/documents/java-spdx-tagvalue-store-%7B$version%7D does not match any model object or enumeration
[WARNING] URI http://spdx.org/documents/java-spdx-rdf-store-%7B$version%7D does not match any model object or enumeration
[WARNING] URI http://spdx.org/documents/java-spdx-rdf-store-%7B$version%7D does not match any model object or enumeration
[WARNING] URI http://spdx.org/documents/java-spdx-rdf-store-%7B$version%7D does not match any model object or enumeration
[WARNING] URI http://spdx.org/documents/java-spdx-spreadsheet-store-%7B$version%7D does not match any model object or enumeration
[WARNING] URI http://spdx.org/documents/java-spdx-tagvalue-store-%7B$version%7D does not match any model object or enumeration
[WARNING] URI http://spdx.org/documents/java-spdx-rdf-store-%7B$version%7D does not match any model object or enumeration
[WARNING] URI http://spdx.org/documents/java-spdx-jackson-store-%7B$version%7D does not match any model object or enumeration
[WARNING] URI http://spdx.org/documents/java-spdx-jackson-store-%7B$version%7D does not match any model object or enumeration
[WARNING] URI http://spdx.org/documents/java-spdx-jackson-store-%7B$version%7D does not match any model object or enumeration
[WARNING] URI http://spdx.org/documents/java-spdx-spreadsheet-store-%7B$version%7D does not match any model object or enumeration
[WARNING] URI http://spdx.org/documents/java-spdx-spreadsheet-store-%7B$version%7D does not match any model object or enumeration
[WARNING] URI http://spdx.org/documents/java-spdx-spreadsheet-store-%7B$version%7D does not match any model object or enumeration
[WARNING] URI http://spdx.org/documents/java-spdx-spreadsheet-store-%7B$version%7D does not match any model object or enumeration
[WARNING] URI http://spdx.org/documents/java-spdx-tagvalue-store-%7B$version%7D does not match any model object or enumeration
[WARNING] URI http://spdx.org/documents/java-spdx-tagvalue-store-%7B$version%7D does not match any model object or enumeration
[WARNING] URI http://spdx.org/documents/java-spdx-tagvalue-store-%7B$version%7D does not match any model object or enumeration
[WARNING] The following errors were found in the SPDX file:
 license info from files contains complex licenses for tools-java
 license info from files contains complex licenses for tools-java
[INFO] 
[INFO] --- maven-jar-plugin:2.4:jar (default-jar) @ tools-java ---
[INFO] 
[INFO] --- maven-assembly-plugin:2.2-beta-5:single (make-assembly) @ tools-java ---
[INFO] META-INF/maven/org.spdx/java-spdx-library/pom.xml already added, skipping
[INFO] META-INF/maven/org.spdx/java-spdx-library/pom.properties already added, skipping
[INFO] META-INF/MANIFEST.MF already added, skipping
[INFO] META-INF/ already added, skipping
[INFO] org/ already added, skipping
[INFO] META-INF/maven/ already added, skipping
[INFO] META-INF/LICENSE already added, skipping
[INFO] META-INF/ already added, skipping
[INFO] META-INF/MANIFEST.MF already added, skipping
[INFO] org/ already added, skipping
[INFO] org/slf4j/ already added, skipping
[INFO] META-INF/maven/ already added, skipping
[INFO] META-INF/MANIFEST.MF already added, skipping
[INFO] META-INF/ already added, skipping
[INFO] org/ already added, skipping
[INFO] org/apache/ already added, skipping
[INFO] org/apache/logging/ already added, skipping
[INFO] META-INF/maven/ already added, skipping
[INFO] META-INF/maven/org.apache.logging.log4j/ already added, skipping
[INFO] META-INF/NOTICE already added, skipping
[INFO] META-INF/LICENSE already added, skipping
[INFO] META-INF/DEPENDENCIES already added, skipping
[INFO] META-INF/MANIFEST.MF already added, skipping
[INFO] META-INF/ already added, skipping
[INFO] org/ already added, skipping
[INFO] org/apache/ already added, skipping
[INFO] org/apache/logging/ already added, skipping
[INFO] org/apache/logging/log4j/ already added, skipping
[INFO] META-INF/versions/ already added, skipping
[INFO] META-INF/versions/9/ already added, skipping
[INFO] META-INF/versions/9/org/ already added, skipping
[INFO] META-INF/versions/9/org/apache/ already added, skipping
[INFO] META-INF/versions/9/org/apache/logging/ already added, skipping
[INFO] META-INF/versions/9/org/apache/logging/log4j/ already added, skipping
[INFO] META-INF/services/ already added, skipping
[INFO] META-INF/maven/ already added, skipping
[INFO] META-INF/maven/org.apache.logging.log4j/ already added, skipping
[INFO] META-INF/LICENSE already added, skipping
[INFO] META-INF/DEPENDENCIES already added, skipping
[INFO] META-INF/NOTICE already added, skipping
[INFO] META-INF/MANIFEST.MF already added, skipping
[INFO] META-INF/ already added, skipping
[INFO] org/ already added, skipping
[INFO] org/apache/ already added, skipping
[INFO] META-INF/maven/ already added, skipping
[INFO] META-INF/MANIFEST.MF already added, skipping
[INFO] META-INF/ already added, skipping
[INFO] org/ already added, skipping
[INFO] META-INF/maven/ already added, skipping
[INFO] META-INF/LICENSE already added, skipping
[INFO] META-INF/MANIFEST.MF already added, skipping
[INFO] META-INF/ already added, skipping
[INFO] META-INF/maven/ already added, skipping
[INFO] META-INF/ already added, skipping
[INFO] META-INF/MANIFEST.MF already added, skipping
[INFO] META-INF/maven/ already added, skipping
[INFO] META-INF/ already added, skipping
[INFO] META-INF/MANIFEST.MF already added, skipping
[INFO] META-INF/maven/ already added, skipping
[INFO] META-INF/maven/org.spdx/ already added, skipping
[INFO] org/ already added, skipping
[INFO] org/spdx/ already added, skipping
[INFO] resources/ already added, skipping
[INFO] META-INF/LICENSE already added, skipping
[INFO] META-INF/maven/org.spdx/spdx-rdf-store/pom.xml already added, skipping
[INFO] META-INF/maven/org.spdx/spdx-rdf-store/pom.properties already added, skipping
[INFO] META-INF/MANIFEST.MF already added, skipping
[INFO] META-INF/ already added, skipping
[INFO] META-INF/services/ already added, skipping
[INFO] org/ already added, skipping
[INFO] org/apache/ already added, skipping
[INFO] META-INF/maven/ already added, skipping
[INFO] META-INF/DEPENDENCIES already added, skipping
[INFO] META-INF/LICENSE already added, skipping
[INFO] META-INF/NOTICE already added, skipping
[INFO] META-INF/MANIFEST.MF already added, skipping
[INFO] META-INF/ already added, skipping
[INFO] org/ already added, skipping
[INFO] org/apache/ already added, skipping
[INFO] org/apache/jena/ already added, skipping
[INFO] META-INF/maven/ already added, skipping
[INFO] META-INF/maven/org.apache.jena/ already added, skipping
[INFO] META-INF/DEPENDENCIES already added, skipping
[INFO] META-INF/LICENSE already added, skipping
[INFO] META-INF/NOTICE already added, skipping
[INFO] META-INF/MANIFEST.MF already added, skipping
[INFO] META-INF/ already added, skipping
[INFO] META-INF/DEPENDENCIES already added, skipping
[INFO] META-INF/LICENSE already added, skipping
[INFO] META-INF/NOTICE already added, skipping
[INFO] META-INF/maven/ already added, skipping
[INFO] META-INF/maven/org.apache.jena/ already added, skipping
[INFO] org/ already added, skipping
[INFO] org/apache/ already added, skipping
[INFO] org/apache/jena/ already added, skipping
[INFO] org/apache/jena/ext/ already added, skipping
[INFO] META-INF/MANIFEST.MF already added, skipping
[INFO] META-INF/ already added, skipping
[INFO] org/ already added, skipping
[INFO] org/apache/ already added, skipping
[INFO] org/apache/commons/ already added, skipping
[INFO] META-INF/maven/ already added, skipping
[INFO] META-INF/maven/org.apache.commons/ already added, skipping
[INFO] META-INF/LICENSE.txt already added, skipping
[INFO] META-INF/NOTICE.txt already added, skipping
[INFO] META-INF/MANIFEST.MF already added, skipping
[INFO] META-INF/ already added, skipping
[INFO] org/ already added, skipping
[INFO] org/apache/ already added, skipping
[INFO] org/apache/commons/ already added, skipping
[INFO] META-INF/maven/ already added, skipping
[INFO] META-INF/LICENSE.txt already added, skipping
[INFO] META-INF/NOTICE.txt already added, skipping
[INFO] META-INF/MANIFEST.MF already added, skipping
[INFO] META-INF/ already added, skipping
[INFO] org/ already added, skipping
[INFO] org/apache/ already added, skipping
[INFO] org/apache/commons/ already added, skipping
[INFO] META-INF/maven/ already added, skipping
[INFO] META-INF/LICENSE.txt already added, skipping
[INFO] META-INF/NOTICE.txt already added, skipping
[INFO] META-INF/MANIFEST.MF already added, skipping
[INFO] META-INF/ already added, skipping
[INFO] org/ already added, skipping
[INFO] org/apache/ already added, skipping
[INFO] org/apache/commons/ already added, skipping
[INFO] META-INF/maven/ already added, skipping
[INFO] META-INF/maven/org.apache.commons/ already added, skipping
[INFO] META-INF/LICENSE.txt already added, skipping
[INFO] META-INF/NOTICE.txt already added, skipping
[INFO] META-INF/ already added, skipping
[INFO] META-INF/MANIFEST.MF already added, skipping
[INFO] com/ already added, skipping
[INFO] META-INF/MANIFEST.MF already added, skipping
[INFO] META-INF/ already added, skipping
[INFO] org/ already added, skipping
[INFO] org/apache/ already added, skipping
[INFO] org/apache/jena/ already added, skipping
[INFO] META-INF/maven/ already added, skipping
[INFO] META-INF/maven/org.apache.jena/ already added, skipping
[INFO] META-INF/DEPENDENCIES already added, skipping
[INFO] META-INF/LICENSE already added, skipping
[INFO] META-INF/NOTICE already added, skipping
[INFO] META-INF/MANIFEST.MF already added, skipping
[INFO] META-INF/ already added, skipping
[INFO] org/ already added, skipping
[INFO] org/apache/ already added, skipping
[INFO] org/apache/commons/ already added, skipping
[INFO] META-INF/maven/ already added, skipping
[INFO] META-INF/LICENSE.txt already added, skipping
[INFO] META-INF/NOTICE.txt already added, skipping
[INFO] META-INF/MANIFEST.MF already added, skipping
[INFO] META-INF/ already added, skipping
[INFO] META-INF/services/ already added, skipping
[INFO] org/ already added, skipping
[INFO] org/apache/ already added, skipping
[INFO] org/apache/jena/ already added, skipping
[INFO] org/apache/jena/atlas/ already added, skipping
[INFO] META-INF/maven/ already added, skipping
[INFO] META-INF/maven/org.apache.jena/ already added, skipping
[INFO] META-INF/DEPENDENCIES already added, skipping
[INFO] META-INF/LICENSE already added, skipping
[INFO] META-INF/NOTICE already added, skipping
[INFO] META-INF/services/org.apache.jena.sys.JenaSubsystemLifecycle already added, skipping
[INFO] META-INF/MANIFEST.MF already added, skipping
[INFO] META-INF/ already added, skipping
[INFO] org/ already added, skipping
[INFO] org/apache/ already added, skipping
[INFO] META-INF/maven/ already added, skipping
[INFO] META-INF/NOTICE already added, skipping
[INFO] META-INF/DEPENDENCIES already added, skipping
[INFO] META-INF/LICENSE already added, skipping
[INFO] META-INF/MANIFEST.MF already added, skipping
[INFO] META-INF/ already added, skipping
[INFO] org/ already added, skipping
[INFO] org/apache/ already added, skipping
[INFO] org/apache/http/ already added, skipping
[INFO] org/apache/http/impl/ already added, skipping
[INFO] META-INF/maven/ already added, skipping
[INFO] META-INF/maven/org.apache.httpcomponents/ already added, skipping
[INFO] META-INF/LICENSE already added, skipping
[INFO] META-INF/DEPENDENCIES already added, skipping
[INFO] META-INF/NOTICE already added, skipping
[INFO] META-INF/ already added, skipping
[INFO] META-INF/MANIFEST.MF already added, skipping
[INFO] META-INF/maven/ already added, skipping
[INFO] com/ already added, skipping
[INFO] com/github/ already added, skipping
[INFO] META-INF/ already added, skipping
[INFO] META-INF/MANIFEST.MF already added, skipping
[INFO] META-INF/services/ already added, skipping
[INFO] org/ already added, skipping
[INFO] org/apache/ already added, skipping
[INFO] org/apache/commons/ already added, skipping
[INFO] META-INF/maven/ already added, skipping
[INFO] META-INF/maven/org.slf4j/ already added, skipping
[INFO] META-INF/MANIFEST.MF already added, skipping
[INFO] META-INF/ already added, skipping
[INFO] com/ already added, skipping
[INFO] META-INF/maven/ already added, skipping
[INFO] META-INF/ already added, skipping
[INFO] META-INF/MANIFEST.MF already added, skipping
[INFO] META-INF/maven/ already added, skipping
[INFO] module-info.class already added, skipping
[INFO] org/ already added, skipping
[INFO] META-INF/ already added, skipping
[INFO] META-INF/MANIFEST.MF already added, skipping
[INFO] META-INF/LICENSE already added, skipping
[INFO] META-INF/NOTICE already added, skipping
[INFO] META-INF/maven/ already added, skipping
[INFO] META-INF/services/ already added, skipping
[INFO] com/ already added, skipping
[INFO] module-info.class already added, skipping
[INFO] META-INF/ already added, skipping
[INFO] META-INF/MANIFEST.MF already added, skipping
[INFO] META-INF/LICENSE already added, skipping
[INFO] META-INF/NOTICE already added, skipping
[INFO] META-INF/maven/ already added, skipping
[INFO] META-INF/maven/com.fasterxml.jackson.core/ already added, skipping
[INFO] META-INF/services/ already added, skipping
[INFO] com/ already added, skipping
[INFO] com/fasterxml/ already added, skipping
[INFO] com/fasterxml/jackson/ already added, skipping
[INFO] module-info.class already added, skipping
[INFO] META-INF/ already added, skipping
[INFO] META-INF/MANIFEST.MF already added, skipping
[INFO] META-INF/LICENSE already added, skipping
[INFO] META-INF/maven/ already added, skipping
[INFO] META-INF/maven/com.fasterxml.jackson.core/ already added, skipping
[INFO] com/ already added, skipping
[INFO] com/fasterxml/ already added, skipping
[INFO] com/fasterxml/jackson/ already added, skipping
[INFO] module-info.class already added, skipping
[INFO] META-INF/MANIFEST.MF already added, skipping
[INFO] META-INF/ already added, skipping
[INFO] org/ already added, skipping
[INFO] org/apache/ already added, skipping
[INFO] org/apache/http/ already added, skipping
[INFO] org/apache/http/client/ already added, skipping
[INFO] org/apache/http/impl/ already added, skipping
[INFO] org/apache/http/impl/client/ already added, skipping
[INFO] META-INF/maven/ already added, skipping
[INFO] META-INF/maven/org.apache.httpcomponents/ already added, skipping
[INFO] META-INF/DEPENDENCIES already added, skipping
[INFO] META-INF/NOTICE already added, skipping
[INFO] META-INF/LICENSE already added, skipping
[INFO] META-INF/ already added, skipping
[INFO] META-INF/MANIFEST.MF already added, skipping
[INFO] org/ already added, skipping
[INFO] org/apache/ already added, skipping
[INFO] META-INF/LICENSE.txt already added, skipping
[INFO] META-INF/NOTICE.txt already added, skipping
[INFO] META-INF/ already added, skipping
[INFO] META-INF/MANIFEST.MF already added, skipping
[INFO] javax/ already added, skipping
[INFO] javax/annotation/ already added, skipping
[INFO] META-INF/LICENSE.txt already added, skipping
[INFO] META-INF/maven/ already added, skipping
[INFO] META-INF/ already added, skipping
[INFO] META-INF/MANIFEST.MF already added, skipping
[INFO] META-INF/maven/ already added, skipping
[INFO] META-INF/maven/org.spdx/ already added, skipping
[INFO] org/ already added, skipping
[INFO] org/spdx/ already added, skipping
[INFO] resources/ already added, skipping
[INFO] META-INF/LICENSE already added, skipping
[INFO] META-INF/maven/org.spdx/spdx-jackson-store/pom.xml already added, skipping
[INFO] META-INF/maven/org.spdx/spdx-jackson-store/pom.properties already added, skipping
[INFO] META-INF/ already added, skipping
[INFO] META-INF/MANIFEST.MF already added, skipping
[INFO] META-INF/LICENSE already added, skipping
[INFO] META-INF/NOTICE already added, skipping
[INFO] META-INF/maven/ already added, skipping
[INFO] META-INF/services/ already added, skipping
[INFO] META-INF/services/com.fasterxml.jackson.core.JsonFactory already added, skipping
[INFO] META-INF/services/com.fasterxml.jackson.core.ObjectCodec already added, skipping
[INFO] com/ already added, skipping
[INFO] com/fasterxml/ already added, skipping
[INFO] com/fasterxml/jackson/ already added, skipping
[INFO] module-info.class already added, skipping
[INFO] META-INF/ already added, skipping
[INFO] META-INF/MANIFEST.MF already added, skipping
[INFO] META-INF/LICENSE already added, skipping
[INFO] META-INF/NOTICE already added, skipping
[INFO] META-INF/maven/ already added, skipping
[INFO] META-INF/services/ already added, skipping
[INFO] com/ already added, skipping
[INFO] com/fasterxml/ already added, skipping
[INFO] com/fasterxml/jackson/ already added, skipping
[INFO] META-INF/versions/ already added, skipping
[INFO] META-INF/MANIFEST.MF already added, skipping
[INFO] META-INF/ already added, skipping
[INFO] javax/ already added, skipping
[INFO] META-INF/versions/ already added, skipping
[INFO] META-INF/versions/9/ already added, skipping
[INFO] META-INF/maven/ already added, skipping
[INFO] META-INF/LICENSE.md already added, skipping
[INFO] META-INF/NOTICE.md already added, skipping
[INFO] module-info.class already added, skipping
[INFO] META-INF/ already added, skipping
[INFO] META-INF/MANIFEST.MF already added, skipping
[INFO] javax/ already added, skipping
[INFO] META-INF/NOTICE.md already added, skipping
[INFO] META-INF/LICENSE.md already added, skipping
[INFO] META-INF/maven/ already added, skipping
[INFO] META-INF/ already added, skipping
[INFO] META-INF/MANIFEST.MF already added, skipping
[INFO] META-INF/LICENSE already added, skipping
[INFO] META-INF/maven/ already added, skipping
[INFO] org/ already added, skipping
[INFO] module-info.class already added, skipping
[INFO] META-INF/ already added, skipping
[INFO] META-INF/MANIFEST.MF already added, skipping
[INFO] META-INF/LICENSE already added, skipping
[INFO] META-INF/maven/ already added, skipping
[INFO] META-INF/services/ already added, skipping
[INFO] com/ already added, skipping
[INFO] module-info.class already added, skipping
[INFO] META-INF/ already added, skipping
[INFO] META-INF/MANIFEST.MF already added, skipping
[INFO] META-INF/LICENSE already added, skipping
[INFO] META-INF/NOTICE already added, skipping
[INFO] META-INF/maven/ already added, skipping
[INFO] META-INF/maven/com.fasterxml.jackson.dataformat/ already added, skipping
[INFO] META-INF/services/ already added, skipping
[INFO] META-INF/services/com.fasterxml.jackson.core.JsonFactory already added, skipping
[INFO] META-INF/services/com.fasterxml.jackson.core.ObjectCodec already added, skipping
[INFO] com/ already added, skipping
[INFO] com/fasterxml/ already added, skipping
[INFO] com/fasterxml/jackson/ already added, skipping
[INFO] com/fasterxml/jackson/dataformat/ already added, skipping
[INFO] module-info.class already added, skipping
[INFO] META-INF/MANIFEST.MF already added, skipping
[INFO] META-INF/ already added, skipping
[INFO] META-INF/maven/ already added, skipping
[INFO] org/ already added, skipping
[INFO] META-INF/MANIFEST.MF already added, skipping
[INFO] META-INF/ already added, skipping
[INFO] META-INF/maven/ already added, skipping
[INFO] org/ already added, skipping
[INFO] META-INF/MANIFEST.MF already added, skipping
[INFO] META-INF/ already added, skipping
[INFO] META-INF/DEPENDENCIES already added, skipping
[INFO] META-INF/LICENSE already added, skipping
[INFO] META-INF/NOTICE already added, skipping
[INFO] META-INF/maven/ already added, skipping
[INFO] org/ already added, skipping
[INFO] org/apache/ already added, skipping
[INFO] META-INF/ already added, skipping
[INFO] META-INF/MANIFEST.MF already added, skipping
[INFO] META-INF/maven/ already added, skipping
[INFO] META-INF/maven/org.spdx/ already added, skipping
[INFO] org/ already added, skipping
[INFO] org/spdx/ already added, skipping
[INFO] META-INF/maven/org.spdx/spdx-spreadsheet-store/pom.xml already added, skipping
[INFO] META-INF/maven/org.spdx/spdx-spreadsheet-store/pom.properties already added, skipping
[INFO] META-INF/ already added, skipping
[INFO] META-INF/MANIFEST.MF already added, skipping
[INFO] org/ already added, skipping
[INFO] org/apache/ already added, skipping
[INFO] META-INF/LICENSE already added, skipping
[INFO] META-INF/NOTICE already added, skipping
[INFO] META-INF/MANIFEST.MF already added, skipping
[INFO] META-INF/ already added, skipping
[INFO] org/ already added, skipping
[INFO] org/apache/ already added, skipping
[INFO] org/apache/commons/ already added, skipping
[INFO] META-INF/maven/ already added, skipping
[INFO] META-INF/maven/org.apache.commons/ already added, skipping
[INFO] META-INF/LICENSE.txt already added, skipping
[INFO] META-INF/NOTICE.txt already added, skipping
[INFO] META-INF/ already added, skipping
[INFO] META-INF/MANIFEST.MF already added, skipping
[INFO] org/ already added, skipping
[INFO] org/apache/ already added, skipping
[INFO] org/apache/commons/ already added, skipping
[INFO] META-INF/LICENSE.txt already added, skipping
[INFO] META-INF/NOTICE.txt already added, skipping
[INFO] META-INF/maven/ already added, skipping
[INFO] META-INF/maven/org.apache.commons/ already added, skipping
[INFO] META-INF/ already added, skipping
[INFO] META-INF/MANIFEST.MF already added, skipping
[INFO] com/ already added, skipping
[INFO] META-INF/maven/ already added, skipping
[INFO] META-INF/MANIFEST.MF already added, skipping
[INFO] META-INF/ already added, skipping
[INFO] com/ already added, skipping
[INFO] META-INF/maven/ already added, skipping
[INFO] META-INF/MANIFEST.MF already added, skipping
[INFO] META-INF/ already added, skipping
[INFO] org/ already added, skipping
[INFO] org/apache/ already added, skipping
[INFO] org/apache/commons/ already added, skipping
[INFO] META-INF/maven/ already added, skipping
[INFO] META-INF/maven/org.apache.commons/ already added, skipping
[INFO] META-INF/LICENSE.txt already added, skipping
[INFO] META-INF/NOTICE.txt already added, skipping
[INFO] META-INF/MANIFEST.MF already added, skipping
[INFO] META-INF/ already added, skipping
[INFO] org/ already added, skipping
[INFO] org/apache/ already added, skipping
[INFO] org/apache/commons/ already added, skipping
[INFO] META-INF/maven/ already added, skipping
[INFO] META-INF/LICENSE.txt already added, skipping
[INFO] META-INF/NOTICE.txt already added, skipping
[INFO] META-INF/ already added, skipping
[INFO] META-INF/MANIFEST.MF already added, skipping
[INFO] org/ already added, skipping
[INFO] org/apache/ already added, skipping
[INFO] org/apache/commons/ already added, skipping
[INFO] org/apache/commons/logging/ already added, skipping
[INFO] org/apache/commons/logging/impl/ already added, skipping
[INFO] META-INF/NOTICE.txt already added, skipping
[INFO] META-INF/LICENSE.txt already added, skipping
[INFO] org/apache/commons/logging/impl/SimpleLog.class already added, skipping
[INFO] org/apache/commons/logging/impl/NoOpLog.class already added, skipping
[INFO] org/apache/commons/logging/impl/SimpleLog$1.class already added, skipping
[INFO] org/apache/commons/logging/LogConfigurationException.class already added, skipping
[INFO] org/apache/commons/logging/LogFactory.class already added, skipping
[INFO] org/apache/commons/logging/Log.class already added, skipping
[INFO] META-INF/maven/ already added, skipping
[INFO] META-INF/ already added, skipping
[INFO] META-INF/MANIFEST.MF already added, skipping
[INFO] org/ already added, skipping
[INFO] org/apache/ already added, skipping
[INFO] org/apache/commons/ already added, skipping
[INFO] META-INF/NOTICE.txt already added, skipping
[INFO] META-INF/LICENSE.txt already added, skipping
[INFO] META-INF/maven/ already added, skipping
[INFO] META-INF/ already added, skipping
[INFO] META-INF/MANIFEST.MF already added, skipping
[INFO] org/ already added, skipping
[INFO] org/apache/ already added, skipping
[INFO] org/apache/poi/ already added, skipping
[INFO] org/apache/poi/poifs/ already added, skipping
[INFO] org/apache/poi/poifs/crypt/ already added, skipping
[INFO] META-INF/LICENSE already added, skipping
[INFO] META-INF/NOTICE already added, skipping
[INFO] META-INF/ already added, skipping
[INFO] META-INF/MANIFEST.MF already added, skipping
[INFO] com/ already added, skipping
[INFO] org/ already added, skipping
[INFO] META-INF/LICENSE already added, skipping
[INFO] META-INF/NOTICE already added, skipping
[INFO] META-INF/ already added, skipping
[INFO] META-INF/MANIFEST.MF already added, skipping
[INFO] org/ already added, skipping
[INFO] org/apache/ already added, skipping
[INFO] schemaorg_apache_xmlbeans/ already added, skipping
[INFO] schemaorg_apache_xmlbeans/element/ already added, skipping
[INFO] schemaorg_apache_xmlbeans/system/ already added, skipping
[INFO] META-INF/services/ already added, skipping
[INFO] META-INF/ already added, skipping
[INFO] META-INF/MANIFEST.MF already added, skipping
[INFO] com/ already added, skipping
[INFO] META-INF/maven/ already added, skipping
[INFO] META-INF/ already added, skipping
[INFO] META-INF/MANIFEST.MF already added, skipping
[INFO] META-INF/maven/ already added, skipping
[INFO] META-INF/maven/org.spdx/ already added, skipping
[INFO] org/ already added, skipping
[INFO] org/spdx/ already added, skipping
[INFO] META-INF/LICENSE already added, skipping
[INFO] META-INF/README.md already added, skipping
[INFO] META-INF/maven/org.spdx/spdx-tagvalue-store/pom.xml already added, skipping
[INFO] META-INF/maven/org.spdx/spdx-tagvalue-store/pom.properties already added, skipping
[INFO] META-INF/ already added, skipping
[INFO] META-INF/MANIFEST.MF already added, skipping
[INFO] META-INF/LICENSE already added, skipping
[INFO] com/ already added, skipping
[INFO] com/github/ already added, skipping
[INFO] META-INF/MANIFEST.MF already added, skipping
[INFO] META-INF/ already added, skipping
[INFO] META-INF/maven/ already added, skipping
[INFO] META-INF/maven/com.google.guava/ already added, skipping
[INFO] com/ already added, skipping
[INFO] com/google/ already added, skipping
[INFO] META-INF/MANIFEST.MF already added, skipping
[INFO] META-INF/ already added, skipping
[INFO] META-INF/maven/ already added, skipping
[INFO] META-INF/maven/com.google.guava/ already added, skipping
[INFO] META-INF/maven/com.google.guava/failureaccess/ already added, skipping
[INFO] META-INF/maven/com.google.guava/failureaccess/pom.properties already added, skipping
[INFO] META-INF/maven/com.google.guava/failureaccess/pom.xml already added, skipping
[INFO] com/ already added, skipping
[INFO] com/google/ already added, skipping
[INFO] com/google/common/ already added, skipping
[INFO] com/google/common/util/ already added, skipping
[INFO] com/google/common/util/concurrent/ already added, skipping
[INFO] META-INF/MANIFEST.MF already added, skipping
[INFO] META-INF/ already added, skipping
[INFO] META-INF/maven/ already added, skipping
[INFO] META-INF/maven/com.google.guava/ already added, skipping
[INFO] META-INF/maven/com.google.guava/listenablefuture/ already added, skipping
[INFO] META-INF/maven/com.google.guava/listenablefuture/pom.xml already added, skipping
[INFO] META-INF/maven/com.google.guava/listenablefuture/pom.properties already added, skipping
[INFO] META-INF/ already added, skipping
[INFO] META-INF/MANIFEST.MF already added, skipping
[INFO] org/ already added, skipping
[INFO] META-INF/ already added, skipping
[INFO] META-INF/MANIFEST.MF already added, skipping
[INFO] com/ already added, skipping
[INFO] com/google/ already added, skipping
[INFO] META-INF/maven/ already added, skipping
[INFO] META-INF/ already added, skipping
[INFO] META-INF/MANIFEST.MF already added, skipping
[INFO] com/ already added, skipping
[INFO] com/google/ already added, skipping
[INFO] META-INF/maven/ already added, skipping
[INFO] META-INF/ already added, skipping
[INFO] META-INF/MANIFEST.MF already added, skipping
[INFO] com/ already added, skipping
[INFO] com/github/ already added, skipping
[INFO] com/github/fge/ already added, skipping
[INFO] META-INF/ already added, skipping
[INFO] META-INF/MANIFEST.MF already added, skipping
[INFO] META-INF/ASL-2.0.txt already added, skipping
[INFO] META-INF/LGPL-3.0.txt already added, skipping
[INFO] META-INF/LICENSE already added, skipping
[INFO] com/ already added, skipping
[INFO] com/github/ already added, skipping
[INFO] com/github/fge/ already added, skipping
[INFO] com/github/fge/jackson/ already added, skipping
[INFO] META-INF/ already added, skipping
[INFO] META-INF/MANIFEST.MF already added, skipping
[INFO] com/ already added, skipping
[INFO] com/github/ already added, skipping
[INFO] com/github/fge/ already added, skipping
[INFO] META-INF/ASL-2.0.txt already added, skipping
[INFO] META-INF/LGPL-3.0.txt already added, skipping
[INFO] META-INF/LICENSE already added, skipping
[INFO] META-INF/ already added, skipping
[INFO] META-INF/MANIFEST.MF already added, skipping
[INFO] com/ already added, skipping
[INFO] com/github/ already added, skipping
[INFO] com/github/fge/ already added, skipping
[INFO] META-INF/ASL-2.0.txt already added, skipping
[INFO] META-INF/LGPL-3.0.txt already added, skipping
[INFO] META-INF/LICENSE already added, skipping
[INFO] META-INF/ already added, skipping
[INFO] META-INF/MANIFEST.MF already added, skipping
[INFO] META-INF/ASL-2.0.txt already added, skipping
[INFO] META-INF/LGPL-3.0.txt already added, skipping
[INFO] META-INF/LICENSE already added, skipping
[INFO] com/ already added, skipping
[INFO] com/github/ already added, skipping
[INFO] com/github/fge/ already added, skipping
[INFO] com/github/fge/jsonschema/ already added, skipping
[INFO] draftv3/ already added, skipping
[INFO] draftv3/schema already added, skipping
[INFO] draftv4/ already added, skipping
[INFO] draftv4/schema already added, skipping
[INFO] META-INF/ already added, skipping
[INFO] META-INF/MANIFEST.MF already added, skipping
[INFO] META-INF/ASL-2.0.txt already added, skipping
[INFO] META-INF/LGPL-3.0.txt already added, skipping
[INFO] META-INF/LICENSE already added, skipping
[INFO] com/ already added, skipping
[INFO] com/github/ already added, skipping
[INFO] com/github/fge/ already added, skipping
[INFO] META-INF/ already added, skipping
[INFO] META-INF/MANIFEST.MF already added, skipping
[INFO] org/ already added, skipping
[INFO] LICENSE.txt already added, skipping
[INFO] META-INF/ already added, skipping
[INFO] META-INF/MANIFEST.MF already added, skipping
[INFO] com/ already added, skipping
[INFO] javax/ already added, skipping
[INFO] META-INF/services/ already added, skipping
[INFO] META-INF/maven/ already added, skipping
[INFO] META-INF/LICENSE.txt already added, skipping
[INFO] META-INF/MANIFEST.MF already added, skipping
[INFO] META-INF/ already added, skipping
[INFO] org/ already added, skipping
[INFO] META-INF/maven/ already added, skipping
[INFO] META-INF/LICENSE.txt already added, skipping
[INFO] META-INF/NOTICE.txt already added, skipping
[INFO] META-INF/MANIFEST.MF already added, skipping
[INFO] META-INF/ already added, skipping
[INFO] com/ already added, skipping
[INFO] com/google/ already added, skipping
[INFO] META-INF/maven/ already added, skipping
[INFO] META-INF/MANIFEST.MF already added, skipping
[INFO] META-INF/ already added, skipping
[INFO] META-INF/maven/ already added, skipping
[INFO] Building jar: C:\Users\gary\git\tools-java\target\tools-java-1.1.0-jar-with-dependencies.jar
[INFO] META-INF/maven/org.spdx/java-spdx-library/pom.xml already added, skipping
[INFO] META-INF/maven/org.spdx/java-spdx-library/pom.properties already added, skipping
[INFO] META-INF/MANIFEST.MF already added, skipping
[INFO] META-INF/ already added, skipping
[INFO] org/ already added, skipping
[INFO] META-INF/maven/ already added, skipping
[INFO] META-INF/LICENSE already added, skipping
[INFO] META-INF/ already added, skipping
[INFO] META-INF/MANIFEST.MF already added, skipping
[INFO] org/ already added, skipping
[INFO] org/slf4j/ already added, skipping
[INFO] META-INF/maven/ already added, skipping
[INFO] META-INF/MANIFEST.MF already added, skipping
[INFO] META-INF/ already added, skipping
[INFO] org/ already added, skipping
[INFO] org/apache/ already added, skipping
[INFO] org/apache/logging/ already added, skipping
[INFO] META-INF/maven/ already added, skipping
[INFO] META-INF/maven/org.apache.logging.log4j/ already added, skipping
[INFO] META-INF/NOTICE already added, skipping
[INFO] META-INF/LICENSE already added, skipping
[INFO] META-INF/DEPENDENCIES already added, skipping
[INFO] META-INF/MANIFEST.MF already added, skipping
[INFO] META-INF/ already added, skipping
[INFO] org/ already added, skipping
[INFO] org/apache/ already added, skipping
[INFO] org/apache/logging/ already added, skipping
[INFO] org/apache/logging/log4j/ already added, skipping
[INFO] META-INF/versions/ already added, skipping
[INFO] META-INF/versions/9/ already added, skipping
[INFO] META-INF/versions/9/org/ already added, skipping
[INFO] META-INF/versions/9/org/apache/ already added, skipping
[INFO] META-INF/versions/9/org/apache/logging/ already added, skipping
[INFO] META-INF/versions/9/org/apache/logging/log4j/ already added, skipping
[INFO] META-INF/services/ already added, skipping
[INFO] META-INF/maven/ already added, skipping
[INFO] META-INF/maven/org.apache.logging.log4j/ already added, skipping
[INFO] META-INF/LICENSE already added, skipping
[INFO] META-INF/DEPENDENCIES already added, skipping
[INFO] META-INF/NOTICE already added, skipping
[INFO] META-INF/MANIFEST.MF already added, skipping
[INFO] META-INF/ already added, skipping
[INFO] org/ already added, skipping
[INFO] org/apache/ already added, skipping
[INFO] META-INF/maven/ already added, skipping
[INFO] META-INF/MANIFEST.MF already added, skipping
[INFO] META-INF/ already added, skipping
[INFO] org/ already added, skipping
[INFO] META-INF/maven/ already added, skipping
[INFO] META-INF/LICENSE already added, skipping
[INFO] META-INF/MANIFEST.MF already added, skipping
[INFO] META-INF/ already added, skipping
[INFO] META-INF/maven/ already added, skipping
[INFO] META-INF/ already added, skipping
[INFO] META-INF/MANIFEST.MF already added, skipping
[INFO] META-INF/maven/ already added, skipping
[INFO] META-INF/ already added, skipping
[INFO] META-INF/MANIFEST.MF already added, skipping
[INFO] META-INF/maven/ already added, skipping
[INFO] META-INF/maven/org.spdx/ already added, skipping
[INFO] org/ already added, skipping
[INFO] org/spdx/ already added, skipping
[INFO] resources/ already added, skipping
[INFO] META-INF/LICENSE already added, skipping
[INFO] META-INF/maven/org.spdx/spdx-rdf-store/pom.xml already added, skipping
[INFO] META-INF/maven/org.spdx/spdx-rdf-store/pom.properties already added, skipping
[INFO] META-INF/MANIFEST.MF already added, skipping
[INFO] META-INF/ already added, skipping
[INFO] META-INF/services/ already added, skipping
[INFO] org/ already added, skipping
[INFO] org/apache/ already added, skipping
[INFO] META-INF/maven/ already added, skipping
[INFO] META-INF/DEPENDENCIES already added, skipping
[INFO] META-INF/LICENSE already added, skipping
[INFO] META-INF/NOTICE already added, skipping
[INFO] META-INF/MANIFEST.MF already added, skipping
[INFO] META-INF/ already added, skipping
[INFO] org/ already added, skipping
[INFO] org/apache/ already added, skipping
[INFO] org/apache/jena/ already added, skipping
[INFO] META-INF/maven/ already added, skipping
[INFO] META-INF/maven/org.apache.jena/ already added, skipping
[INFO] META-INF/DEPENDENCIES already added, skipping
[INFO] META-INF/LICENSE already added, skipping
[INFO] META-INF/NOTICE already added, skipping
[INFO] META-INF/MANIFEST.MF already added, skipping
[INFO] META-INF/ already added, skipping
[INFO] META-INF/DEPENDENCIES already added, skipping
[INFO] META-INF/LICENSE already added, skipping
[INFO] META-INF/NOTICE already added, skipping
[INFO] META-INF/maven/ already added, skipping
[INFO] META-INF/maven/org.apache.jena/ already added, skipping
[INFO] org/ already added, skipping
[INFO] org/apache/ already added, skipping
[INFO] org/apache/jena/ already added, skipping
[INFO] org/apache/jena/ext/ already added, skipping
[INFO] META-INF/MANIFEST.MF already added, skipping
[INFO] META-INF/ already added, skipping
[INFO] org/ already added, skipping
[INFO] org/apache/ already added, skipping
[INFO] org/apache/commons/ already added, skipping
[INFO] META-INF/maven/ already added, skipping
[INFO] META-INF/maven/org.apache.commons/ already added, skipping
[INFO] META-INF/LICENSE.txt already added, skipping
[INFO] META-INF/NOTICE.txt already added, skipping
[INFO] META-INF/MANIFEST.MF already added, skipping
[INFO] META-INF/ already added, skipping
[INFO] org/ already added, skipping
[INFO] org/apache/ already added, skipping
[INFO] org/apache/commons/ already added, skipping
[INFO] META-INF/maven/ already added, skipping
[INFO] META-INF/LICENSE.txt already added, skipping
[INFO] META-INF/NOTICE.txt already added, skipping
[INFO] META-INF/MANIFEST.MF already added, skipping
[INFO] META-INF/ already added, skipping
[INFO] org/ already added, skipping
[INFO] org/apache/ already added, skipping
[INFO] org/apache/commons/ already added, skipping
[INFO] META-INF/maven/ already added, skipping
[INFO] META-INF/LICENSE.txt already added, skipping
[INFO] META-INF/NOTICE.txt already added, skipping
[INFO] META-INF/MANIFEST.MF already added, skipping
[INFO] META-INF/ already added, skipping
[INFO] org/ already added, skipping
[INFO] org/apache/ already added, skipping
[INFO] org/apache/commons/ already added, skipping
[INFO] META-INF/maven/ already added, skipping
[INFO] META-INF/maven/org.apache.commons/ already added, skipping
[INFO] META-INF/LICENSE.txt already added, skipping
[INFO] META-INF/NOTICE.txt already added, skipping
[INFO] META-INF/ already added, skipping
[INFO] META-INF/MANIFEST.MF already added, skipping
[INFO] com/ already added, skipping
[INFO] META-INF/MANIFEST.MF already added, skipping
[INFO] META-INF/ already added, skipping
[INFO] org/ already added, skipping
[INFO] org/apache/ already added, skipping
[INFO] org/apache/jena/ already added, skipping
[INFO] META-INF/maven/ already added, skipping
[INFO] META-INF/maven/org.apache.jena/ already added, skipping
[INFO] META-INF/DEPENDENCIES already added, skipping
[INFO] META-INF/LICENSE already added, skipping
[INFO] META-INF/NOTICE already added, skipping
[INFO] META-INF/MANIFEST.MF already added, skipping
[INFO] META-INF/ already added, skipping
[INFO] org/ already added, skipping
[INFO] org/apache/ already added, skipping
[INFO] org/apache/commons/ already added, skipping
[INFO] META-INF/maven/ already added, skipping
[INFO] META-INF/LICENSE.txt already added, skipping
[INFO] META-INF/NOTICE.txt already added, skipping
[INFO] META-INF/MANIFEST.MF already added, skipping
[INFO] META-INF/ already added, skipping
[INFO] META-INF/services/ already added, skipping
[INFO] org/ already added, skipping
[INFO] org/apache/ already added, skipping
[INFO] org/apache/jena/ already added, skipping
[INFO] org/apache/jena/atlas/ already added, skipping
[INFO] META-INF/maven/ already added, skipping
[INFO] META-INF/maven/org.apache.jena/ already added, skipping
[INFO] META-INF/DEPENDENCIES already added, skipping
[INFO] META-INF/LICENSE already added, skipping
[INFO] META-INF/NOTICE already added, skipping
[INFO] META-INF/services/org.apache.jena.sys.JenaSubsystemLifecycle already added, skipping
[INFO] META-INF/MANIFEST.MF already added, skipping
[INFO] META-INF/ already added, skipping
[INFO] org/ already added, skipping
[INFO] org/apache/ already added, skipping
[INFO] META-INF/maven/ already added, skipping
[INFO] META-INF/NOTICE already added, skipping
[INFO] META-INF/DEPENDENCIES already added, skipping
[INFO] META-INF/LICENSE already added, skipping
[INFO] META-INF/MANIFEST.MF already added, skipping
[INFO] META-INF/ already added, skipping
[INFO] org/ already added, skipping
[INFO] org/apache/ already added, skipping
[INFO] org/apache/http/ already added, skipping
[INFO] org/apache/http/impl/ already added, skipping
[INFO] META-INF/maven/ already added, skipping
[INFO] META-INF/maven/org.apache.httpcomponents/ already added, skipping
[INFO] META-INF/LICENSE already added, skipping
[INFO] META-INF/DEPENDENCIES already added, skipping
[INFO] META-INF/NOTICE already added, skipping
[INFO] META-INF/ already added, skipping
[INFO] META-INF/MANIFEST.MF already added, skipping
[INFO] META-INF/maven/ already added, skipping
[INFO] com/ already added, skipping
[INFO] com/github/ already added, skipping
[INFO] META-INF/ already added, skipping
[INFO] META-INF/MANIFEST.MF already added, skipping
[INFO] META-INF/services/ already added, skipping
[INFO] org/ already added, skipping
[INFO] org/apache/ already added, skipping
[INFO] org/apache/commons/ already added, skipping
[INFO] META-INF/maven/ already added, skipping
[INFO] META-INF/maven/org.slf4j/ already added, skipping
[INFO] META-INF/MANIFEST.MF already added, skipping
[INFO] META-INF/ already added, skipping
[INFO] com/ already added, skipping
[INFO] META-INF/maven/ already added, skipping
[INFO] META-INF/ already added, skipping
[INFO] META-INF/MANIFEST.MF already added, skipping
[INFO] META-INF/maven/ already added, skipping
[INFO] module-info.class already added, skipping
[INFO] org/ already added, skipping
[INFO] META-INF/ already added, skipping
[INFO] META-INF/MANIFEST.MF already added, skipping
[INFO] META-INF/LICENSE already added, skipping
[INFO] META-INF/NOTICE already added, skipping
[INFO] META-INF/maven/ already added, skipping
[INFO] META-INF/services/ already added, skipping
[INFO] com/ already added, skipping
[INFO] module-info.class already added, skipping
[INFO] META-INF/ already added, skipping
[INFO] META-INF/MANIFEST.MF already added, skipping
[INFO] META-INF/LICENSE already added, skipping
[INFO] META-INF/NOTICE already added, skipping
[INFO] META-INF/maven/ already added, skipping
[INFO] META-INF/maven/com.fasterxml.jackson.core/ already added, skipping
[INFO] META-INF/services/ already added, skipping
[INFO] com/ already added, skipping
[INFO] com/fasterxml/ already added, skipping
[INFO] com/fasterxml/jackson/ already added, skipping
[INFO] module-info.class already added, skipping
[INFO] META-INF/ already added, skipping
[INFO] META-INF/MANIFEST.MF already added, skipping
[INFO] META-INF/LICENSE already added, skipping
[INFO] META-INF/maven/ already added, skipping
[INFO] META-INF/maven/com.fasterxml.jackson.core/ already added, skipping
[INFO] com/ already added, skipping
[INFO] com/fasterxml/ already added, skipping
[INFO] com/fasterxml/jackson/ already added, skipping
[INFO] module-info.class already added, skipping
[INFO] META-INF/MANIFEST.MF already added, skipping
[INFO] META-INF/ already added, skipping
[INFO] org/ already added, skipping
[INFO] org/apache/ already added, skipping
[INFO] org/apache/http/ already added, skipping
[INFO] org/apache/http/client/ already added, skipping
[INFO] org/apache/http/impl/ already added, skipping
[INFO] org/apache/http/impl/client/ already added, skipping
[INFO] META-INF/maven/ already added, skipping
[INFO] META-INF/maven/org.apache.httpcomponents/ already added, skipping
[INFO] META-INF/DEPENDENCIES already added, skipping
[INFO] META-INF/NOTICE already added, skipping
[INFO] META-INF/LICENSE already added, skipping
[INFO] META-INF/ already added, skipping
[INFO] META-INF/MANIFEST.MF already added, skipping
[INFO] org/ already added, skipping
[INFO] org/apache/ already added, skipping
[INFO] META-INF/LICENSE.txt already added, skipping
[INFO] META-INF/NOTICE.txt already added, skipping
[INFO] META-INF/ already added, skipping
[INFO] META-INF/MANIFEST.MF already added, skipping
[INFO] javax/ already added, skipping
[INFO] javax/annotation/ already added, skipping
[INFO] META-INF/LICENSE.txt already added, skipping
[INFO] META-INF/maven/ already added, skipping
[INFO] META-INF/ already added, skipping
[INFO] META-INF/MANIFEST.MF already added, skipping
[INFO] META-INF/maven/ already added, skipping
[INFO] META-INF/maven/org.spdx/ already added, skipping
[INFO] org/ already added, skipping
[INFO] org/spdx/ already added, skipping
[INFO] resources/ already added, skipping
[INFO] META-INF/LICENSE already added, skipping
[INFO] META-INF/maven/org.spdx/spdx-jackson-store/pom.xml already added, skipping
[INFO] META-INF/maven/org.spdx/spdx-jackson-store/pom.properties already added, skipping
[INFO] META-INF/ already added, skipping
[INFO] META-INF/MANIFEST.MF already added, skipping
[INFO] META-INF/LICENSE already added, skipping
[INFO] META-INF/NOTICE already added, skipping
[INFO] META-INF/maven/ already added, skipping
[INFO] META-INF/services/ already added, skipping
[INFO] META-INF/services/com.fasterxml.jackson.core.JsonFactory already added, skipping
[INFO] META-INF/services/com.fasterxml.jackson.core.ObjectCodec already added, skipping
[INFO] com/ already added, skipping
[INFO] com/fasterxml/ already added, skipping
[INFO] com/fasterxml/jackson/ already added, skipping
[INFO] module-info.class already added, skipping
[INFO] META-INF/ already added, skipping
[INFO] META-INF/MANIFEST.MF already added, skipping
[INFO] META-INF/LICENSE already added, skipping
[INFO] META-INF/NOTICE already added, skipping
[INFO] META-INF/maven/ already added, skipping
[INFO] META-INF/services/ already added, skipping
[INFO] com/ already added, skipping
[INFO] com/fasterxml/ already added, skipping
[INFO] com/fasterxml/jackson/ already added, skipping
[INFO] META-INF/versions/ already added, skipping
[INFO] META-INF/MANIFEST.MF already added, skipping
[INFO] META-INF/ already added, skipping
[INFO] javax/ already added, skipping
[INFO] META-INF/versions/ already added, skipping
[INFO] META-INF/versions/9/ already added, skipping
[INFO] META-INF/maven/ already added, skipping
[INFO] META-INF/LICENSE.md already added, skipping
[INFO] META-INF/NOTICE.md already added, skipping
[INFO] module-info.class already added, skipping
[INFO] META-INF/ already added, skipping
[INFO] META-INF/MANIFEST.MF already added, skipping
[INFO] javax/ already added, skipping
[INFO] META-INF/NOTICE.md already added, skipping
[INFO] META-INF/LICENSE.md already added, skipping
[INFO] META-INF/maven/ already added, skipping
[INFO] META-INF/ already added, skipping
[INFO] META-INF/MANIFEST.MF already added, skipping
[INFO] META-INF/LICENSE already added, skipping
[INFO] META-INF/maven/ already added, skipping
[INFO] org/ already added, skipping
[INFO] module-info.class already added, skipping
[INFO] META-INF/ already added, skipping
[INFO] META-INF/MANIFEST.MF already added, skipping
[INFO] META-INF/LICENSE already added, skipping
[INFO] META-INF/maven/ already added, skipping
[INFO] META-INF/services/ already added, skipping
[INFO] com/ already added, skipping
[INFO] module-info.class already added, skipping
[INFO] META-INF/ already added, skipping
[INFO] META-INF/MANIFEST.MF already added, skipping
[INFO] META-INF/LICENSE already added, skipping
[INFO] META-INF/NOTICE already added, skipping
[INFO] META-INF/maven/ already added, skipping
[INFO] META-INF/maven/com.fasterxml.jackson.dataformat/ already added, skipping
[INFO] META-INF/services/ already added, skipping
[INFO] META-INF/services/com.fasterxml.jackson.core.JsonFactory already added, skipping
[INFO] META-INF/services/com.fasterxml.jackson.core.ObjectCodec already added, skipping
[INFO] com/ already added, skipping
[INFO] com/fasterxml/ already added, skipping
[INFO] com/fasterxml/jackson/ already added, skipping
[INFO] com/fasterxml/jackson/dataformat/ already added, skipping
[INFO] module-info.class already added, skipping
[INFO] META-INF/MANIFEST.MF already added, skipping
[INFO] META-INF/ already added, skipping
[INFO] META-INF/maven/ already added, skipping
[INFO] org/ already added, skipping
[INFO] META-INF/MANIFEST.MF already added, skipping
[INFO] META-INF/ already added, skipping
[INFO] META-INF/maven/ already added, skipping
[INFO] org/ already added, skipping
[INFO] META-INF/MANIFEST.MF already added, skipping
[INFO] META-INF/ already added, skipping
[INFO] META-INF/DEPENDENCIES already added, skipping
[INFO] META-INF/LICENSE already added, skipping
[INFO] META-INF/NOTICE already added, skipping
[INFO] META-INF/maven/ already added, skipping
[INFO] org/ already added, skipping
[INFO] org/apache/ already added, skipping
[INFO] META-INF/ already added, skipping
[INFO] META-INF/MANIFEST.MF already added, skipping
[INFO] META-INF/maven/ already added, skipping
[INFO] META-INF/maven/org.spdx/ already added, skipping
[INFO] org/ already added, skipping
[INFO] org/spdx/ already added, skipping
[INFO] META-INF/maven/org.spdx/spdx-spreadsheet-store/pom.xml already added, skipping
[INFO] META-INF/maven/org.spdx/spdx-spreadsheet-store/pom.properties already added, skipping
[INFO] META-INF/ already added, skipping
[INFO] META-INF/MANIFEST.MF already added, skipping
[INFO] org/ already added, skipping
[INFO] org/apache/ already added, skipping
[INFO] META-INF/LICENSE already added, skipping
[INFO] META-INF/NOTICE already added, skipping
[INFO] META-INF/MANIFEST.MF already added, skipping
[INFO] META-INF/ already added, skipping
[INFO] org/ already added, skipping
[INFO] org/apache/ already added, skipping
[INFO] org/apache/commons/ already added, skipping
[INFO] META-INF/maven/ already added, skipping
[INFO] META-INF/maven/org.apache.commons/ already added, skipping
[INFO] META-INF/LICENSE.txt already added, skipping
[INFO] META-INF/NOTICE.txt already added, skipping
[INFO] META-INF/ already added, skipping
[INFO] META-INF/MANIFEST.MF already added, skipping
[INFO] org/ already added, skipping
[INFO] org/apache/ already added, skipping
[INFO] org/apache/commons/ already added, skipping
[INFO] META-INF/LICENSE.txt already added, skipping
[INFO] META-INF/NOTICE.txt already added, skipping
[INFO] META-INF/maven/ already added, skipping
[INFO] META-INF/maven/org.apache.commons/ already added, skipping
[INFO] META-INF/ already added, skipping
[INFO] META-INF/MANIFEST.MF already added, skipping
[INFO] com/ already added, skipping
[INFO] META-INF/maven/ already added, skipping
[INFO] META-INF/MANIFEST.MF already added, skipping
[INFO] META-INF/ already added, skipping
[INFO] com/ already added, skipping
[INFO] META-INF/maven/ already added, skipping
[INFO] META-INF/MANIFEST.MF already added, skipping
[INFO] META-INF/ already added, skipping
[INFO] org/ already added, skipping
[INFO] org/apache/ already added, skipping
[INFO] org/apache/commons/ already added, skipping
[INFO] META-INF/maven/ already added, skipping
[INFO] META-INF/maven/org.apache.commons/ already added, skipping
[INFO] META-INF/LICENSE.txt already added, skipping
[INFO] META-INF/NOTICE.txt already added, skipping
[INFO] META-INF/MANIFEST.MF already added, skipping
[INFO] META-INF/ already added, skipping
[INFO] org/ already added, skipping
[INFO] org/apache/ already added, skipping
[INFO] org/apache/commons/ already added, skipping
[INFO] META-INF/maven/ already added, skipping
[INFO] META-INF/LICENSE.txt already added, skipping
[INFO] META-INF/NOTICE.txt already added, skipping
[INFO] META-INF/ already added, skipping
[INFO] META-INF/MANIFEST.MF already added, skipping
[INFO] org/ already added, skipping
[INFO] org/apache/ already added, skipping
[INFO] org/apache/commons/ already added, skipping
[INFO] org/apache/commons/logging/ already added, skipping
[INFO] org/apache/commons/logging/impl/ already added, skipping
[INFO] META-INF/NOTICE.txt already added, skipping
[INFO] META-INF/LICENSE.txt already added, skipping
[INFO] org/apache/commons/logging/impl/SimpleLog.class already added, skipping
[INFO] org/apache/commons/logging/impl/NoOpLog.class already added, skipping
[INFO] org/apache/commons/logging/impl/SimpleLog$1.class already added, skipping
[INFO] org/apache/commons/logging/LogConfigurationException.class already added, skipping
[INFO] org/apache/commons/logging/LogFactory.class already added, skipping
[INFO] org/apache/commons/logging/Log.class already added, skipping
[INFO] META-INF/maven/ already added, skipping
[INFO] META-INF/ already added, skipping
[INFO] META-INF/MANIFEST.MF already added, skipping
[INFO] org/ already added, skipping
[INFO] org/apache/ already added, skipping
[INFO] org/apache/commons/ already added, skipping
[INFO] META-INF/NOTICE.txt already added, skipping
[INFO] META-INF/LICENSE.txt already added, skipping
[INFO] META-INF/maven/ already added, skipping
[INFO] META-INF/ already added, skipping
[INFO] META-INF/MANIFEST.MF already added, skipping
[INFO] org/ already added, skipping
[INFO] org/apache/ already added, skipping
[INFO] org/apache/poi/ already added, skipping
[INFO] org/apache/poi/poifs/ already added, skipping
[INFO] org/apache/poi/poifs/crypt/ already added, skipping
[INFO] META-INF/LICENSE already added, skipping
[INFO] META-INF/NOTICE already added, skipping
[INFO] META-INF/ already added, skipping
[INFO] META-INF/MANIFEST.MF already added, skipping
[INFO] com/ already added, skipping
[INFO] org/ already added, skipping
[INFO] META-INF/LICENSE already added, skipping
[INFO] META-INF/NOTICE already added, skipping
[INFO] META-INF/ already added, skipping
[INFO] META-INF/MANIFEST.MF already added, skipping
[INFO] org/ already added, skipping
[INFO] org/apache/ already added, skipping
[INFO] schemaorg_apache_xmlbeans/ already added, skipping
[INFO] schemaorg_apache_xmlbeans/element/ already added, skipping
[INFO] schemaorg_apache_xmlbeans/system/ already added, skipping
[INFO] META-INF/services/ already added, skipping
[INFO] META-INF/ already added, skipping
[INFO] META-INF/MANIFEST.MF already added, skipping
[INFO] com/ already added, skipping
[INFO] META-INF/maven/ already added, skipping
[INFO] META-INF/ already added, skipping
[INFO] META-INF/MANIFEST.MF already added, skipping
[INFO] META-INF/maven/ already added, skipping
[INFO] META-INF/maven/org.spdx/ already added, skipping
[INFO] org/ already added, skipping
[INFO] org/spdx/ already added, skipping
[INFO] META-INF/LICENSE already added, skipping
[INFO] META-INF/README.md already added, skipping
[INFO] META-INF/maven/org.spdx/spdx-tagvalue-store/pom.xml already added, skipping
[INFO] META-INF/maven/org.spdx/spdx-tagvalue-store/pom.properties already added, skipping
[INFO] META-INF/ already added, skipping
[INFO] META-INF/MANIFEST.MF already added, skipping
[INFO] META-INF/LICENSE already added, skipping
[INFO] com/ already added, skipping
[INFO] com/github/ already added, skipping
[INFO] META-INF/MANIFEST.MF already added, skipping
[INFO] META-INF/ already added, skipping
[INFO] META-INF/maven/ already added, skipping
[INFO] META-INF/maven/com.google.guava/ already added, skipping
[INFO] com/ already added, skipping
[INFO] com/google/ already added, skipping
[INFO] META-INF/MANIFEST.MF already added, skipping
[INFO] META-INF/ already added, skipping
[INFO] META-INF/maven/ already added, skipping
[INFO] META-INF/maven/com.google.guava/ already added, skipping
[INFO] META-INF/maven/com.google.guava/failureaccess/ already added, skipping
[INFO] META-INF/maven/com.google.guava/failureaccess/pom.properties already added, skipping
[INFO] META-INF/maven/com.google.guava/failureaccess/pom.xml already added, skipping
[INFO] com/ already added, skipping
[INFO] com/google/ already added, skipping
[INFO] com/google/common/ already added, skipping
[INFO] com/google/common/util/ already added, skipping
[INFO] com/google/common/util/concurrent/ already added, skipping
[INFO] META-INF/MANIFEST.MF already added, skipping
[INFO] META-INF/ already added, skipping
[INFO] META-INF/maven/ already added, skipping
[INFO] META-INF/maven/com.google.guava/ already added, skipping
[INFO] META-INF/maven/com.google.guava/listenablefuture/ already added, skipping
[INFO] META-INF/maven/com.google.guava/listenablefuture/pom.xml already added, skipping
[INFO] META-INF/maven/com.google.guava/listenablefuture/pom.properties already added, skipping
[INFO] META-INF/ already added, skipping
[INFO] META-INF/MANIFEST.MF already added, skipping
[INFO] org/ already added, skipping
[INFO] META-INF/ already added, skipping
[INFO] META-INF/MANIFEST.MF already added, skipping
[INFO] com/ already added, skipping
[INFO] com/google/ already added, skipping
[INFO] META-INF/maven/ already added, skipping
[INFO] META-INF/ already added, skipping
[INFO] META-INF/MANIFEST.MF already added, skipping
[INFO] com/ already added, skipping
[INFO] com/google/ already added, skipping
[INFO] META-INF/maven/ already added, skipping
[INFO] META-INF/ already added, skipping
[INFO] META-INF/MANIFEST.MF already added, skipping
[INFO] com/ already added, skipping
[INFO] com/github/ already added, skipping
[INFO] com/github/fge/ already added, skipping
[INFO] META-INF/ already added, skipping
[INFO] META-INF/MANIFEST.MF already added, skipping
[INFO] META-INF/ASL-2.0.txt already added, skipping
[INFO] META-INF/LGPL-3.0.txt already added, skipping
[INFO] META-INF/LICENSE already added, skipping
[INFO] com/ already added, skipping
[INFO] com/github/ already added, skipping
[INFO] com/github/fge/ already added, skipping
[INFO] com/github/fge/jackson/ already added, skipping
[INFO] META-INF/ already added, skipping
[INFO] META-INF/MANIFEST.MF already added, skipping
[INFO] com/ already added, skipping
[INFO] com/github/ already added, skipping
[INFO] com/github/fge/ already added, skipping
[INFO] META-INF/ASL-2.0.txt already added, skipping
[INFO] META-INF/LGPL-3.0.txt already added, skipping
[INFO] META-INF/LICENSE already added, skipping
[INFO] META-INF/ already added, skipping
[INFO] META-INF/MANIFEST.MF already added, skipping
[INFO] com/ already added, skipping
[INFO] com/github/ already added, skipping
[INFO] com/github/fge/ already added, skipping
[INFO] META-INF/ASL-2.0.txt already added, skipping
[INFO] META-INF/LGPL-3.0.txt already added, skipping
[INFO] META-INF/LICENSE already added, skipping
[INFO] META-INF/ already added, skipping
[INFO] META-INF/MANIFEST.MF already added, skipping
[INFO] META-INF/ASL-2.0.txt already added, skipping
[INFO] META-INF/LGPL-3.0.txt already added, skipping
[INFO] META-INF/LICENSE already added, skipping
[INFO] com/ already added, skipping
[INFO] com/github/ already added, skipping
[INFO] com/github/fge/ already added, skipping
[INFO] com/github/fge/jsonschema/ already added, skipping
[INFO] draftv3/ already added, skipping
[INFO] draftv3/schema already added, skipping
[INFO] draftv4/ already added, skipping
[INFO] draftv4/schema already added, skipping
[INFO] META-INF/ already added, skipping
[INFO] META-INF/MANIFEST.MF already added, skipping
[INFO] META-INF/ASL-2.0.txt already added, skipping
[INFO] META-INF/LGPL-3.0.txt already added, skipping
[INFO] META-INF/LICENSE already added, skipping
[INFO] com/ already added, skipping
[INFO] com/github/ already added, skipping
[INFO] com/github/fge/ already added, skipping
[INFO] META-INF/ already added, skipping
[INFO] META-INF/MANIFEST.MF already added, skipping
[INFO] org/ already added, skipping
[INFO] LICENSE.txt already added, skipping
[INFO] META-INF/ already added, skipping
[INFO] META-INF/MANIFEST.MF already added, skipping
[INFO] com/ already added, skipping
[INFO] javax/ already added, skipping
[INFO] META-INF/services/ already added, skipping
[INFO] META-INF/maven/ already added, skipping
[INFO] META-INF/LICENSE.txt already added, skipping
[INFO] META-INF/MANIFEST.MF already added, skipping
[INFO] META-INF/ already added, skipping
[INFO] org/ already added, skipping
[INFO] META-INF/maven/ already added, skipping
[INFO] META-INF/LICENSE.txt already added, skipping
[INFO] META-INF/NOTICE.txt already added, skipping
[INFO] META-INF/MANIFEST.MF already added, skipping
[INFO] META-INF/ already added, skipping
[INFO] com/ already added, skipping
[INFO] com/google/ already added, skipping
[INFO] META-INF/maven/ already added, skipping
[INFO] META-INF/MANIFEST.MF already added, skipping
[INFO] META-INF/ already added, skipping
[INFO] META-INF/maven/ already added, skipping
[INFO] 
[INFO] --- maven-javadoc-plugin:2.9:jar (attach-javadocs) @ tools-java ---
[INFO] 
1 warning
[WARNING] Javadoc Warnings
[WARNING] C:\Users\gary\git\tools-java\src\main\java\org\spdx\tools\SpdxViewer.java:32: warning - invalid usage of tag >
[INFO] Building jar: C:\Users\gary\git\tools-java\target\tools-java-1.1.0-javadoc.jar
[INFO] 
[INFO] --- maven-source-plugin:3.2.1:jar-no-fork (attach-sources) @ tools-java ---
[INFO] 
[INFO] --- maven-gpg-plugin:1.6:sign (sign-artifacts) @ tools-java ---
[INFO] 
[INFO] --- maven-install-plugin:2.4:install (default-install) @ tools-java ---
[INFO] Installing C:\Users\gary\git\tools-java\target\tools-java-1.1.0.jar to C:\Users\gary\.m2\repository\org\spdx\tools-java\1.1.0\tools-java-1.1.0.jar
[INFO] Installing C:\Users\gary\git\tools-java\pom.xml to C:\Users\gary\.m2\repository\org\spdx\tools-java\1.1.0\tools-java-1.1.0.pom
[INFO] Installing C:\Users\gary\git\tools-java\target\site\org.spdx_tools-java-1.1.0.spdx.json to C:\Users\gary\.m2\repository\org\spdx\tools-java\1.1.0\tools-java-1.1.0.spdx.json
[INFO] Installing C:\Users\gary\git\tools-java\target\tools-java-1.1.0-jar-with-dependencies.jar to C:\Users\gary\.m2\repository\org\spdx\tools-java\1.1.0\tools-java-1.1.0-jar-with-dependencies.jar
[INFO] Installing C:\Users\gary\git\tools-java\target\tools-java-1.1.0-javadoc.jar to C:\Users\gary\.m2\repository\org\spdx\tools-java\1.1.0\tools-java-1.1.0-javadoc.jar
[INFO] Installing C:\Users\gary\git\tools-java\target\tools-java-1.1.0-sources.jar to C:\Users\gary\.m2\repository\org\spdx\tools-java\1.1.0\tools-java-1.1.0-sources.jar
[INFO] Installing C:\Users\gary\git\tools-java\target\tools-java-1.1.0.jar.asc to C:\Users\gary\.m2\repository\org\spdx\tools-java\1.1.0\tools-java-1.1.0.jar.asc
[INFO] Installing C:\Users\gary\git\tools-java\target\tools-java-1.1.0.pom.asc to C:\Users\gary\.m2\repository\org\spdx\tools-java\1.1.0\tools-java-1.1.0.pom.asc
[INFO] Installing C:\Users\gary\git\tools-java\target\gpg\target\site\org.spdx_tools-java-1.1.0.spdx.json.asc to C:\Users\gary\.m2\repository\org\spdx\tools-java\1.1.0\tools-java-1.1.0.spdx.json.asc
[INFO] Installing C:\Users\gary\git\tools-java\target\tools-java-1.1.0-jar-with-dependencies.jar.asc to C:\Users\gary\.m2\repository\org\spdx\tools-java\1.1.0\tools-java-1.1.0-jar-with-dependencies.jar.asc
[INFO] Installing C:\Users\gary\git\tools-java\target\tools-java-1.1.0-javadoc.jar.asc to C:\Users\gary\.m2\repository\org\spdx\tools-java\1.1.0\tools-java-1.1.0-javadoc.jar.asc
[INFO] Installing C:\Users\gary\git\tools-java\target\tools-java-1.1.0-sources.jar.asc to C:\Users\gary\.m2\repository\org\spdx\tools-java\1.1.0\tools-java-1.1.0-sources.jar.asc
[INFO] ------------------------------------------------------------------------
[INFO] BUILD SUCCESS
[INFO] ------------------------------------------------------------------------
[INFO] Total time:  01:18 min
[INFO] Finished at: 2022-08-26T21:01:07-07:00
[INFO] ------------------------------------------------------------------------
